#
# There is insufficient memory for the Java Runtime Environment to continue.
# Native memory allocation (malloc) failed to allocate 947856 bytes for Chunk::new
# Possible reasons:
#   The system is out of physical RAM or swap space
#   The process is running with CompressedOops enabled, and the Java Heap may be blocking the growth of the native heap
# Possible solutions:
#   Reduce memory load on the system
#   Increase physical memory or swap space
#   Check if swap backing store is full
#   Decrease Java heap size (-Xmx/-Xms)
#   Decrease number of Java threads
#   Decrease Java thread stack sizes (-Xss)
#   Set larger code cache with -XX:ReservedCodeCacheSize=
#   JVM is running with Unscaled Compressed Oops mode in which the Java heap is
#     placed in the first 4GB address space. The Java Heap base address is the
#     maximum limit for the native heap growth. Please use -XX:HeapBaseMinAddress
#     to set the Java Heap base and to place the Java Heap above 4GB virtual address.
# This output file may be truncated or incomplete.
#
#  Out of Memory Error (./src/hotspot/share/memory/arena.cpp:197), pid=9188, tid=20252
#
# JRE version: OpenJDK Runtime Environment (11.0.11+9) (build 11.0.11+9-b60-7590822)
# Java VM: OpenJDK 64-Bit Server VM (11.0.11+9-b60-7590822, mixed mode, tiered, compressed oops, g1 gc, windows-amd64)
# No core dump will be written. Minidumps are not enabled by default on client versions of Windows
#

---------------  S U M M A R Y ------------

Command Line: --add-opens=java.base/java.util=ALL-UNNAMED --add-opens=java.base/java.lang=ALL-UNNAMED --add-opens=java.base/java.lang.invoke=ALL-UNNAMED --add-opens=java.base/java.util=ALL-UNNAMED --add-opens=java.prefs/java.util.prefs=ALL-UNNAMED --add-opens=java.prefs/java.util.prefs=ALL-UNNAMED --add-opens=java.base/java.nio.charset=ALL-UNNAMED --add-opens=java.base/java.net=ALL-UNNAMED --add-opens=java.base/java.util.concurrent.atomic=ALL-UNNAMED -Xmx2048m -Dfile.encoding=UTF-8 -Duser.country=BR -Duser.language=pt -Duser.variant org.gradle.launcher.daemon.bootstrap.GradleDaemon 7.2

Host: Intel(R) Core(TM) i5-10300H CPU @ 2.50GHz, 8 cores, 15G,  Windows 10 , 64 bit Build 19041 (10.0.19041.1741)
Time: Thu Jul 14 09:12:25 2022 Hora oficial do Brasil elapsed time: 13.713267 seconds (0d 0h 0m 13s)

---------------  T H R E A D  ---------------

Current thread (0x0000021ef23bc800):  JavaThread "C2 CompilerThread2" daemon [_thread_in_native, id=20252, stack(0x00000027b8c00000,0x00000027b8d00000)]


Current CompileTask:
C2:  13713 9641   !   4       org.gradle.api.internal.attributes.DefaultImmutableAttributesFactory::doConcatIsolatable (128 bytes)

Stack: [0x00000027b8c00000,0x00000027b8d00000]
Native frames: (J=compiled Java code, j=interpreted, Vv=VM code, C=native code)
V  [jvm.dll+0x5f214a]
V  [jvm.dll+0x726fb5]
V  [jvm.dll+0x7285cd]
V  [jvm.dll+0x728c83]
V  [jvm.dll+0x243278]
V  [jvm.dll+0xbc53c]
V  [jvm.dll+0xbca3c]
V  [jvm.dll+0x353e3b]
V  [jvm.dll+0x19875c]
V  [jvm.dll+0x1fc2ee]
V  [jvm.dll+0x1fb3d4]
V  [jvm.dll+0x183d6c]
V  [jvm.dll+0x209a57]
V  [jvm.dll+0x2082a1]
V  [jvm.dll+0x6ef58f]
V  [jvm.dll+0x6e80b5]
V  [jvm.dll+0x5f1036]
C  [ucrtbase.dll+0x21bb2]
C  [KERNEL32.DLL+0x17034]
C  [ntdll.dll+0x52651]


---------------  P R O C E S S  ---------------

Threads class SMR info:
_java_thread_list=0x0000021ef809e8a0, length=135, elements={
0x0000021ed450c800, 0x0000021eef9a8800, 0x0000021eef9ad000, 0x0000021eefa0e000,
0x0000021eefa10000, 0x0000021eefa12000, 0x0000021eefa15000, 0x0000021eefa1e800,
0x0000021eefa24800, 0x0000021eefb91800, 0x0000021ef1366800, 0x0000021eefc73800,
0x0000021ef1f56800, 0x0000021ef1aef000, 0x0000021ef166e800, 0x0000021ef275a000,
0x0000021ef1fcb000, 0x0000021ef1158000, 0x0000021ef1f3c800, 0x0000021ef2d25800,
0x0000021ef2d27000, 0x0000021ef2d28000, 0x0000021ef2d26000, 0x0000021ef2d28800,
0x0000021ef2d24000, 0x0000021ef2d29800, 0x0000021ef2d2a800, 0x0000021ef2d24800,
0x0000021ef3453800, 0x0000021ef3458800, 0x0000021ef3458000, 0x0000021ef3457000,
0x0000021ef3454800, 0x0000021ef5629000, 0x0000021ef562c800, 0x0000021ef5628000,
0x0000021ef562e800, 0x0000021ef562e000, 0x0000021ef562b800, 0x0000021ef562f800,
0x0000021ef562a000, 0x0000021ef5630800, 0x0000021ef562a800, 0x0000021ef5635800,
0x0000021ef5636000, 0x0000021ef5634800, 0x0000021ef5637000, 0x0000021ef5631000,
0x0000021ef5632000, 0x0000021ef5633000, 0x0000021ef5633800, 0x0000021ef659f000,
0x0000021ef65a0000, 0x0000021ef659e000, 0x0000021ef65a1800, 0x0000021ef65a0800,
0x0000021ef659c800, 0x0000021ef659b800, 0x0000021ef65a2800, 0x0000021ef65a3000,
0x0000021ef659d800, 0x0000021ef65a7000, 0x0000021ef65a8000, 0x0000021ef65a9000,
0x0000021ef65a5800, 0x0000021ef65a4800, 0x0000021ef65a6800, 0x0000021ef65a4000,
0x0000021ef65a9800, 0x0000021ef65aa800, 0x0000021ef553e800, 0x0000021ef553f800,
0x0000021ef5542000, 0x0000021ef553d800, 0x0000021ef553d000, 0x0000021ef5541000,
0x0000021ef5544800, 0x0000021ef5546000, 0x0000021ef5540000, 0x0000021ef5542800,
0x0000021ef5546800, 0x0000021ef5547800, 0x0000021ef5548800, 0x0000021ef5549000,
0x0000021ef5543800, 0x0000021ef554a000, 0x0000021ef554b000, 0x0000021ef5545000,
0x0000021ef554b800, 0x0000021ef0425800, 0x0000021ef0425000, 0x0000021ef0426800,
0x0000021ef0427000, 0x0000021ef0428000, 0x0000021ef0429000, 0x0000021ef0429800,
0x0000021ef0424000, 0x0000021ef042b800, 0x0000021ef042e800, 0x0000021ef042f800,
0x0000021ef042c000, 0x0000021ef042a800, 0x0000021ef0430000, 0x0000021ef0432800,
0x0000021ef0431000, 0x0000021ef0432000, 0x0000021ef042d000, 0x0000021ef042e000,
0x0000021ef55b0000, 0x0000021ef55af000, 0x0000021ef55ae000, 0x0000021ef55b4800,
0x0000021ef55b5800, 0x0000021ef55b4000, 0x0000021ef55b6800, 0x0000021ef55b0800,
0x0000021ef55b2800, 0x0000021ef55b3000, 0x0000021ef55b1800, 0x0000021ef55bb800,
0x0000021ef55b8000, 0x0000021ef345b800, 0x0000021ef23bc800, 0x0000021ef55b9000,
0x0000021ef55b7000, 0x0000021ef55bd000, 0x0000021ef55b9800, 0x0000021ef0471000,
0x0000021ef0470000, 0x0000021ef046f800, 0x0000021ef0472000, 0x0000021ef0474800,
0x0000021ef0472800, 0x0000021ef0473800, 0x0000021ef046e800
}

Java Threads: ( => current thread )
  0x0000021ed450c800 JavaThread "main" [_thread_blocked, id=7108, stack(0x00000027b5f00000,0x00000027b6000000)]
  0x0000021eef9a8800 JavaThread "Reference Handler" daemon [_thread_blocked, id=24032, stack(0x00000027b6600000,0x00000027b6700000)]
  0x0000021eef9ad000 JavaThread "Finalizer" daemon [_thread_blocked, id=26204, stack(0x00000027b6700000,0x00000027b6800000)]
  0x0000021eefa0e000 JavaThread "Signal Dispatcher" daemon [_thread_blocked, id=26772, stack(0x00000027b6800000,0x00000027b6900000)]
  0x0000021eefa10000 JavaThread "Attach Listener" daemon [_thread_blocked, id=21044, stack(0x00000027b6900000,0x00000027b6a00000)]
  0x0000021eefa12000 JavaThread "Service Thread" daemon [_thread_blocked, id=25784, stack(0x00000027b6a00000,0x00000027b6b00000)]
  0x0000021eefa15000 JavaThread "C2 CompilerThread0" daemon [_thread_in_native, id=26372, stack(0x00000027b6b00000,0x00000027b6c00000)]
  0x0000021eefa1e800 JavaThread "C1 CompilerThread0" daemon [_thread_blocked, id=7384, stack(0x00000027b6c00000,0x00000027b6d00000)]
  0x0000021eefa24800 JavaThread "Sweeper thread" daemon [_thread_blocked, id=17924, stack(0x00000027b6d00000,0x00000027b6e00000)]
  0x0000021eefb91800 JavaThread "Common-Cleaner" daemon [_thread_blocked, id=16392, stack(0x00000027b6e00000,0x00000027b6f00000)]
  0x0000021ef1366800 JavaThread "Daemon health stats" [_thread_blocked, id=22872, stack(0x00000027b7700000,0x00000027b7800000)]
  0x0000021eefc73800 JavaThread "Incoming local TCP Connector on port 51663" [_thread_in_native, id=18132, stack(0x00000027b7000000,0x00000027b7100000)]
  0x0000021ef1f56800 JavaThread "Daemon periodic checks" [_thread_blocked, id=13508, stack(0x00000027b7600000,0x00000027b7700000)]
  0x0000021ef1aef000 JavaThread "Daemon" [_thread_blocked, id=20360, stack(0x00000027b7800000,0x00000027b7900000)]
  0x0000021ef166e800 JavaThread "Handler for socket connection from /127.0.0.1:51663 to /127.0.0.1:51664" [_thread_in_native, id=8012, stack(0x00000027b7900000,0x00000027b7a00000)]
  0x0000021ef275a000 JavaThread "Cancel handler" [_thread_blocked, id=27320, stack(0x00000027b7a00000,0x00000027b7b00000)]
  0x0000021ef1fcb000 JavaThread "Daemon worker" [_thread_blocked, id=20208, stack(0x00000027b7b00000,0x00000027b7c00000)]
  0x0000021ef1158000 JavaThread "Asynchronous log dispatcher for DefaultDaemonConnection: socket connection from /127.0.0.1:51663 to /127.0.0.1:51664" [_thread_blocked, id=26208, stack(0x00000027b7c00000,0x00000027b7d00000)]
  0x0000021ef1f3c800 JavaThread "Stdin handler" [_thread_blocked, id=19872, stack(0x00000027b7d00000,0x00000027b7e00000)]
  0x0000021ef2d25800 JavaThread "Daemon client event forwarder" [_thread_blocked, id=17828, stack(0x00000027b7e00000,0x00000027b7f00000)]
  0x0000021ef2d27000 JavaThread "Cache worker for journal cache (C:\Users\fifol\.gradle\caches\journal-1)" [_thread_blocked, id=19160, stack(0x00000027b8100000,0x00000027b8200000)]
  0x0000021ef2d28000 JavaThread "File lock request listener" [_thread_in_native, id=25900, stack(0x00000027b8200000,0x00000027b8300000)]
  0x0000021ef2d26000 JavaThread "Cache worker for file hash cache (C:\Users\fifol\.gradle\caches\7.2\fileHashes)" [_thread_blocked, id=17152, stack(0x00000027b8300000,0x00000027b8400000)]
  0x0000021ef2d28800 JavaThread "Cache worker for file hash cache (C:\Users\fifol\Documents\ProjectBiblioteca\.gradle\7.2\fileHashes)" [_thread_blocked, id=23720, stack(0x00000027b8600000,0x00000027b8700000)]
  0x0000021ef2d24000 JavaThread "File watcher server" daemon [_thread_in_native, id=27436, stack(0x00000027b8700000,0x00000027b8800000)]
  0x0000021ef2d29800 JavaThread "File watcher consumer" daemon [_thread_blocked, id=24680, stack(0x00000027b8800000,0x00000027b8900000)]
  0x0000021ef2d2a800 JavaThread "Cache worker for checksums cache (C:\Users\fifol\Documents\ProjectBiblioteca\.gradle\checksums)" [_thread_blocked, id=17808, stack(0x00000027b8900000,0x00000027b8a00000)]
  0x0000021ef2d24800 JavaThread "Cache worker for cache directory md-supplier (C:\Users\fifol\.gradle\caches\7.2\md-supplier)" [_thread_blocked, id=2244, stack(0x00000027b8a00000,0x00000027b8b00000)]
  0x0000021ef3453800 JavaThread "Cache worker for cache directory md-rule (C:\Users\fifol\.gradle\caches\7.2\md-rule)" [_thread_blocked, id=24892, stack(0x00000027b8b00000,0x00000027b8c00000)]
  0x0000021ef3458800 JavaThread "Cache worker for execution history cache (C:\Users\fifol\.gradle\caches\7.2\executionHistory)" [_thread_blocked, id=25216, stack(0x00000027b8d00000,0x00000027b8e00000)]
  0x0000021ef3458000 JavaThread "jar transforms" [_thread_blocked, id=25740, stack(0x00000027b8e00000,0x00000027b8f00000)]
  0x0000021ef3457000 JavaThread "Cache worker for file content cache (C:\Users\fifol\.gradle\caches\7.2\fileContent)" [_thread_blocked, id=24992, stack(0x00000027b8f00000,0x00000027b9000000)]
  0x0000021ef3454800 JavaThread "jar transforms Thread 2" [_thread_blocked, id=19712, stack(0x00000027b9000000,0x00000027b9100000)]
  0x0000021ef5629000 JavaThread "Cache worker for dependencies-accessors (C:\Users\fifol\Documents\ProjectBiblioteca\.gradle\7.2\dependencies-accessors)" [_thread_blocked, id=15752, stack(0x00000027b9100000,0x00000027b9200000)]
  0x0000021ef562c800 JavaThread "jar transforms Thread 3" [_thread_blocked, id=15940, stack(0x00000027b9200000,0x00000027b9300000)]
  0x0000021ef5628000 JavaThread "Cache worker for Build Output Cleanup Cache (C:\Users\fifol\Documents\ProjectBiblioteca\.gradle\buildOutputCleanup)" [_thread_blocked, id=24192, stack(0x00000027b9300000,0x00000027b9400000)]
  0x0000021ef562e800 JavaThread "Unconstrained build operations" [_thread_blocked, id=14772, stack(0x00000027b9400000,0x00000027b9500000)]
  0x0000021ef562e000 JavaThread "Unconstrained build operations Thread 2" [_thread_blocked, id=13080, stack(0x00000027b9500000,0x00000027b9600000)]
  0x0000021ef562b800 JavaThread "Unconstrained build operations Thread 3" [_thread_blocked, id=12556, stack(0x00000027b9600000,0x00000027b9700000)]
  0x0000021ef562f800 JavaThread "Unconstrained build operations Thread 4" [_thread_blocked, id=21884, stack(0x00000027b9700000,0x00000027b9800000)]
  0x0000021ef562a000 JavaThread "Unconstrained build operations Thread 5" [_thread_blocked, id=19684, stack(0x00000027b9800000,0x00000027b9900000)]
  0x0000021ef5630800 JavaThread "Unconstrained build operations Thread 6" [_thread_blocked, id=996, stack(0x00000027b9900000,0x00000027b9a00000)]
  0x0000021ef562a800 JavaThread "Unconstrained build operations Thread 7" [_thread_blocked, id=16928, stack(0x00000027b9a00000,0x00000027b9b00000)]
  0x0000021ef5635800 JavaThread "Unconstrained build operations Thread 8" [_thread_blocked, id=20964, stack(0x00000027b9b00000,0x00000027b9c00000)]
  0x0000021ef5636000 JavaThread "Unconstrained build operations Thread 9" [_thread_blocked, id=16900, stack(0x00000027b9c00000,0x00000027b9d00000)]
  0x0000021ef5634800 JavaThread "Unconstrained build operations Thread 10" [_thread_blocked, id=18332, stack(0x00000027b9d00000,0x00000027b9e00000)]
  0x0000021ef5637000 JavaThread "Unconstrained build operations Thread 11" [_thread_blocked, id=15020, stack(0x00000027b9e00000,0x00000027b9f00000)]
  0x0000021ef5631000 JavaThread "Unconstrained build operations Thread 12" [_thread_blocked, id=22156, stack(0x00000027b9f00000,0x00000027ba000000)]
  0x0000021ef5632000 JavaThread "Unconstrained build operations Thread 13" [_thread_blocked, id=9760, stack(0x00000027ba000000,0x00000027ba100000)]
  0x0000021ef5633000 JavaThread "Unconstrained build operations Thread 14" [_thread_blocked, id=5948, stack(0x00000027ba100000,0x00000027ba200000)]
  0x0000021ef5633800 JavaThread "Unconstrained build operations Thread 15" [_thread_blocked, id=9532, stack(0x00000027ba200000,0x00000027ba300000)]
  0x0000021ef659f000 JavaThread "Unconstrained build operations Thread 16" [_thread_blocked, id=23048, stack(0x00000027ba300000,0x00000027ba400000)]
  0x0000021ef65a0000 JavaThread "Unconstrained build operations Thread 17" [_thread_blocked, id=25936, stack(0x00000027ba400000,0x00000027ba500000)]
  0x0000021ef659e000 JavaThread "Unconstrained build operations Thread 18" [_thread_blocked, id=5320, stack(0x00000027ba500000,0x00000027ba600000)]
  0x0000021ef65a1800 JavaThread "Unconstrained build operations Thread 19" [_thread_blocked, id=15040, stack(0x00000027ba600000,0x00000027ba700000)]
  0x0000021ef65a0800 JavaThread "Unconstrained build operations Thread 20" [_thread_blocked, id=22516, stack(0x00000027ba700000,0x00000027ba800000)]
  0x0000021ef659c800 JavaThread "Unconstrained build operations Thread 21" [_thread_blocked, id=20300, stack(0x00000027ba800000,0x00000027ba900000)]
  0x0000021ef659b800 JavaThread "Unconstrained build operations Thread 22" [_thread_blocked, id=19976, stack(0x00000027ba900000,0x00000027baa00000)]
  0x0000021ef65a2800 JavaThread "Unconstrained build operations Thread 23" [_thread_blocked, id=27004, stack(0x00000027baa00000,0x00000027bab00000)]
  0x0000021ef65a3000 JavaThread "Unconstrained build operations Thread 24" [_thread_blocked, id=9356, stack(0x00000027bab00000,0x00000027bac00000)]
  0x0000021ef659d800 JavaThread "Unconstrained build operations Thread 25" [_thread_blocked, id=9712, stack(0x00000027bac00000,0x00000027bad00000)]
  0x0000021ef65a7000 JavaThread "Unconstrained build operations Thread 26" [_thread_blocked, id=17620, stack(0x00000027bad00000,0x00000027bae00000)]
  0x0000021ef65a8000 JavaThread "Unconstrained build operations Thread 27" [_thread_blocked, id=15372, stack(0x00000027bae00000,0x00000027baf00000)]
  0x0000021ef65a9000 JavaThread "Unconstrained build operations Thread 28" [_thread_blocked, id=2624, stack(0x00000027baf00000,0x00000027bb000000)]
  0x0000021ef65a5800 JavaThread "Unconstrained build operations Thread 29" [_thread_blocked, id=8464, stack(0x00000027bb000000,0x00000027bb100000)]
  0x0000021ef65a4800 JavaThread "Unconstrained build operations Thread 30" [_thread_blocked, id=22284, stack(0x00000027bb100000,0x00000027bb200000)]
  0x0000021ef65a6800 JavaThread "Unconstrained build operations Thread 31" [_thread_blocked, id=26232, stack(0x00000027bb200000,0x00000027bb300000)]
  0x0000021ef65a4000 JavaThread "Unconstrained build operations Thread 32" [_thread_blocked, id=19472, stack(0x00000027bb300000,0x00000027bb400000)]
  0x0000021ef65a9800 JavaThread "Unconstrained build operations Thread 33" [_thread_blocked, id=13912, stack(0x00000027bb400000,0x00000027bb500000)]
  0x0000021ef65aa800 JavaThread "Unconstrained build operations Thread 34" [_thread_blocked, id=21444, stack(0x00000027bb500000,0x00000027bb600000)]
  0x0000021ef553e800 JavaThread "Unconstrained build operations Thread 35" [_thread_blocked, id=16592, stack(0x00000027bb600000,0x00000027bb700000)]
  0x0000021ef553f800 JavaThread "Unconstrained build operations Thread 36" [_thread_blocked, id=756, stack(0x00000027bb700000,0x00000027bb800000)]
  0x0000021ef5542000 JavaThread "Unconstrained build operations Thread 37" [_thread_blocked, id=18656, stack(0x00000027bb800000,0x00000027bb900000)]
  0x0000021ef553d800 JavaThread "Unconstrained build operations Thread 38" [_thread_blocked, id=6312, stack(0x00000027bb900000,0x00000027bba00000)]
  0x0000021ef553d000 JavaThread "Unconstrained build operations Thread 39" [_thread_blocked, id=11912, stack(0x00000027bba00000,0x00000027bbb00000)]
  0x0000021ef5541000 JavaThread "Unconstrained build operations Thread 40" [_thread_blocked, id=5240, stack(0x00000027bbb00000,0x00000027bbc00000)]
  0x0000021ef5544800 JavaThread "Unconstrained build operations Thread 41" [_thread_blocked, id=9992, stack(0x00000027bbc00000,0x00000027bbd00000)]
  0x0000021ef5546000 JavaThread "Unconstrained build operations Thread 42" [_thread_blocked, id=25076, stack(0x00000027bbd00000,0x00000027bbe00000)]
  0x0000021ef5540000 JavaThread "Unconstrained build operations Thread 43" [_thread_blocked, id=7328, stack(0x00000027bbe00000,0x00000027bbf00000)]
  0x0000021ef5542800 JavaThread "Unconstrained build operations Thread 44" [_thread_blocked, id=17472, stack(0x00000027bbf00000,0x00000027bc000000)]
  0x0000021ef5546800 JavaThread "Unconstrained build operations Thread 45" [_thread_blocked, id=19428, stack(0x00000027bc000000,0x00000027bc100000)]
  0x0000021ef5547800 JavaThread "Unconstrained build operations Thread 46" [_thread_blocked, id=17884, stack(0x00000027bc100000,0x00000027bc200000)]
  0x0000021ef5548800 JavaThread "Unconstrained build operations Thread 47" [_thread_blocked, id=8700, stack(0x00000027bc200000,0x00000027bc300000)]
  0x0000021ef5549000 JavaThread "Unconstrained build operations Thread 48" [_thread_blocked, id=3828, stack(0x00000027bc300000,0x00000027bc400000)]
  0x0000021ef5543800 JavaThread "Unconstrained build operations Thread 49" [_thread_blocked, id=23268, stack(0x00000027bc400000,0x00000027bc500000)]
  0x0000021ef554a000 JavaThread "Unconstrained build operations Thread 50" [_thread_blocked, id=9208, stack(0x00000027bc500000,0x00000027bc600000)]
  0x0000021ef554b000 JavaThread "Unconstrained build operations Thread 51" [_thread_blocked, id=22700, stack(0x00000027bc600000,0x00000027bc700000)]
  0x0000021ef5545000 JavaThread "Unconstrained build operations Thread 52" [_thread_blocked, id=17820, stack(0x00000027bc700000,0x00000027bc800000)]
  0x0000021ef554b800 JavaThread "Unconstrained build operations Thread 53" [_thread_blocked, id=6516, stack(0x00000027bc800000,0x00000027bc900000)]
  0x0000021ef0425800 JavaThread "Unconstrained build operations Thread 54" [_thread_blocked, id=7480, stack(0x00000027bc900000,0x00000027bca00000)]
  0x0000021ef0425000 JavaThread "Unconstrained build operations Thread 55" [_thread_blocked, id=8264, stack(0x00000027bca00000,0x00000027bcb00000)]
  0x0000021ef0426800 JavaThread "Unconstrained build operations Thread 56" [_thread_blocked, id=16256, stack(0x00000027bcb00000,0x00000027bcc00000)]
  0x0000021ef0427000 JavaThread "Unconstrained build operations Thread 57" [_thread_blocked, id=26744, stack(0x00000027bcc00000,0x00000027bcd00000)]
  0x0000021ef0428000 JavaThread "Unconstrained build operations Thread 58" [_thread_blocked, id=20452, stack(0x00000027bcd00000,0x00000027bce00000)]
  0x0000021ef0429000 JavaThread "Unconstrained build operations Thread 59" [_thread_blocked, id=5668, stack(0x00000027bce00000,0x00000027bcf00000)]
  0x0000021ef0429800 JavaThread "Unconstrained build operations Thread 60" [_thread_blocked, id=2480, stack(0x00000027bcf00000,0x00000027bd000000)]
  0x0000021ef0424000 JavaThread "Unconstrained build operations Thread 61" [_thread_blocked, id=21820, stack(0x00000027bd000000,0x00000027bd100000)]
  0x0000021ef042b800 JavaThread "Unconstrained build operations Thread 62" [_thread_blocked, id=9720, stack(0x00000027bd100000,0x00000027bd200000)]
  0x0000021ef042e800 JavaThread "Unconstrained build operations Thread 63" [_thread_blocked, id=25832, stack(0x00000027bd200000,0x00000027bd300000)]
  0x0000021ef042f800 JavaThread "Unconstrained build operations Thread 64" [_thread_blocked, id=26764, stack(0x00000027bd300000,0x00000027bd400000)]
  0x0000021ef042c000 JavaThread "Unconstrained build operations Thread 65" [_thread_blocked, id=12100, stack(0x00000027bd400000,0x00000027bd500000)]
  0x0000021ef042a800 JavaThread "Unconstrained build operations Thread 66" [_thread_blocked, id=4452, stack(0x00000027bd500000,0x00000027bd600000)]
  0x0000021ef0430000 JavaThread "Unconstrained build operations Thread 67" [_thread_blocked, id=9880, stack(0x00000027bd600000,0x00000027bd700000)]
  0x0000021ef0432800 JavaThread "Unconstrained build operations Thread 68" [_thread_blocked, id=16808, stack(0x00000027bd700000,0x00000027bd800000)]
  0x0000021ef0431000 JavaThread "Unconstrained build operations Thread 69" [_thread_blocked, id=21380, stack(0x00000027bd800000,0x00000027bd900000)]
  0x0000021ef0432000 JavaThread "Unconstrained build operations Thread 70" [_thread_blocked, id=11748, stack(0x00000027bd900000,0x00000027bda00000)]
  0x0000021ef042d000 JavaThread "Unconstrained build operations Thread 71" [_thread_blocked, id=14784, stack(0x00000027bda00000,0x00000027bdb00000)]
  0x0000021ef042e000 JavaThread "Unconstrained build operations Thread 72" [_thread_blocked, id=15656, stack(0x00000027bdb00000,0x00000027bdc00000)]
  0x0000021ef55b0000 JavaThread "Unconstrained build operations Thread 73" [_thread_blocked, id=6620, stack(0x00000027bdc00000,0x00000027bdd00000)]
  0x0000021ef55af000 JavaThread "Unconstrained build operations Thread 74" [_thread_blocked, id=26808, stack(0x00000027bdd00000,0x00000027bde00000)]
  0x0000021ef55ae000 JavaThread "Unconstrained build operations Thread 75" [_thread_blocked, id=21408, stack(0x00000027bde00000,0x00000027bdf00000)]
  0x0000021ef55b4800 JavaThread "Unconstrained build operations Thread 76" [_thread_blocked, id=1172, stack(0x00000027bdf00000,0x00000027be000000)]
  0x0000021ef55b5800 JavaThread "Unconstrained build operations Thread 77" [_thread_blocked, id=19036, stack(0x00000027be000000,0x00000027be100000)]
  0x0000021ef55b4000 JavaThread "Unconstrained build operations Thread 78" [_thread_blocked, id=10380, stack(0x00000027be100000,0x00000027be200000)]
  0x0000021ef55b6800 JavaThread "Unconstrained build operations Thread 79" [_thread_blocked, id=23208, stack(0x00000027be200000,0x00000027be300000)]
  0x0000021ef55b0800 JavaThread "Unconstrained build operations Thread 80" [_thread_blocked, id=5996, stack(0x00000027be300000,0x00000027be400000)]
  0x0000021ef55b2800 JavaThread "jar transforms Thread 4" [_thread_blocked, id=27488, stack(0x00000027be400000,0x00000027be500000)]
  0x0000021ef55b3000 JavaThread "jar transforms Thread 5" [_thread_blocked, id=12348, stack(0x00000027be500000,0x00000027be600000)]
  0x0000021ef55b1800 JavaThread "jar transforms Thread 6" [_thread_blocked, id=1640, stack(0x00000027be600000,0x00000027be700000)]
  0x0000021ef55bb800 JavaThread "jar transforms Thread 7" [_thread_blocked, id=3564, stack(0x00000027be700000,0x00000027be800000)]
  0x0000021ef55b8000 JavaThread "jar transforms Thread 8" [_thread_blocked, id=24904, stack(0x00000027be800000,0x00000027be900000)]
  0x0000021ef345b800 JavaThread "C2 CompilerThread1" daemon [_thread_in_vm, id=17228, stack(0x00000027b8500000,0x00000027b8600000)]
=>0x0000021ef23bc800 JavaThread "C2 CompilerThread2" daemon [_thread_in_native, id=20252, stack(0x00000027b8c00000,0x00000027b8d00000)]
  0x0000021ef55b9000 JavaThread "Memory manager" [_thread_blocked, id=832, stack(0x00000027be900000,0x00000027bea00000)]
  0x0000021ef55b7000 JavaThread "build event listener" [_thread_blocked, id=3888, stack(0x00000027bea00000,0x00000027beb00000)]
  0x0000021ef55bd000 JavaThread "pool-3-thread-1" [_thread_blocked, id=20904, stack(0x00000027beb00000,0x00000027bec00000)]
  0x0000021ef55b9800 JavaThread "build event listener" [_thread_blocked, id=25276, stack(0x00000027bec00000,0x00000027bed00000)]
  0x0000021ef0471000 JavaThread "Execution worker for ':'" [_thread_blocked, id=1408, stack(0x00000027bed00000,0x00000027bee00000)]
  0x0000021ef0470000 JavaThread "Execution worker for ':' Thread 2" [_thread_blocked, id=20448, stack(0x00000027bee00000,0x00000027bef00000)]
  0x0000021ef046f800 JavaThread "Execution worker for ':' Thread 3" [_thread_blocked, id=3064, stack(0x00000027bef00000,0x00000027bf000000)]
  0x0000021ef0472000 JavaThread "Execution worker for ':' Thread 4" [_thread_in_Java, id=26552, stack(0x00000027bf000000,0x00000027bf100000)]
  0x0000021ef0474800 JavaThread "Execution worker for ':' Thread 5" [_thread_blocked, id=20788, stack(0x00000027bf100000,0x00000027bf200000)]
  0x0000021ef0472800 JavaThread "Execution worker for ':' Thread 6" [_thread_blocked, id=16756, stack(0x00000027bf200000,0x00000027bf300000)]
  0x0000021ef0473800 JavaThread "Execution worker for ':' Thread 7" [_thread_blocked, id=3692, stack(0x00000027bf300000,0x00000027bf400000)]
  0x0000021ef046e800 JavaThread "Cache worker for execution history cache (C:\Users\fifol\Documents\ProjectBiblioteca\.gradle\7.2\executionHistory)" [_thread_blocked, id=10900, stack(0x00000027bf400000,0x00000027bf500000)]

Other Threads:
  0x0000021eef17c800 VMThread "VM Thread" [stack: 0x00000027b6500000,0x00000027b6600000] [id=15680]
  0x0000021eefc00000 WatcherThread [stack: 0x00000027b6f00000,0x00000027b7000000] [id=15748]
  0x0000021ed4524800 GCTaskThread "GC Thread#0" [stack: 0x00000027b6000000,0x00000027b6100000] [id=21324]
  0x0000021ef0703800 GCTaskThread "GC Thread#1" [stack: 0x00000027b7100000,0x00000027b7200000] [id=2628]
  0x0000021ef0702800 GCTaskThread "GC Thread#2" [stack: 0x00000027b7200000,0x00000027b7300000] [id=25932]
  0x0000021ef0707800 GCTaskThread "GC Thread#3" [stack: 0x00000027b7300000,0x00000027b7400000] [id=1012]
  0x0000021ef0704000 GCTaskThread "GC Thread#4" [stack: 0x00000027b7400000,0x00000027b7500000] [id=26092]
  0x0000021ef0704800 GCTaskThread "GC Thread#5" [stack: 0x00000027b7500000,0x00000027b7600000] [id=25984]
  0x0000021ef0705800 GCTaskThread "GC Thread#6" [stack: 0x00000027b7f00000,0x00000027b8000000] [id=27184]
  0x0000021ef0702000 GCTaskThread "GC Thread#7" [stack: 0x00000027b8000000,0x00000027b8100000] [id=25604]
  0x0000021ed4559800 ConcurrentGCThread "G1 Main Marker" [stack: 0x00000027b6100000,0x00000027b6200000] [id=6200]
  0x0000021ed455a800 ConcurrentGCThread "G1 Conc#0" [stack: 0x00000027b6200000,0x00000027b6300000] [id=15032]
  0x0000021ef0707000 ConcurrentGCThread "G1 Conc#1" [stack: 0x00000027b8400000,0x00000027b8500000] [id=9176]
  0x0000021eeeffa800 ConcurrentGCThread "G1 Refine#0" [stack: 0x00000027b6300000,0x00000027b6400000] [id=27552]
  0x0000021ed45ed800 ConcurrentGCThread "G1 Young RemSet Sampling" [stack: 0x00000027b6400000,0x00000027b6500000] [id=27024]

Threads with active compile tasks:
C2 CompilerThread0  13740 9737       4       com.esotericsoftware.kryo.io.Output::writeUtf8Length (405 bytes)
C2 CompilerThread1  13740 9761       4       org.gradle.internal.snapshot.ChildMap$Entry::handleAncestorDescendantOrExactMatch (110 bytes)
C2 CompilerThread2  13740 9641   !   4       org.gradle.api.internal.attributes.DefaultImmutableAttributesFactory::doConcatIsolatable (128 bytes)

VM state:not at safepoint (normal execution)

VM Mutex/Monitor currently owned by a thread: None

Heap address: 0x0000000080000000, size: 2048 MB, Compressed Oops mode: 32-bit
Narrow klass base: 0x0000000000000000, Narrow klass shift: 3
Compressed class space size: 1073741824 Address: 0x0000000100000000

Heap:
 garbage-first heap   total 260096K, used 116736K [0x0000000080000000, 0x0000000100000000)
  region size 1024K, 62 young (63488K), 14 survivors (14336K)
 Metaspace       used 84077K, capacity 86096K, committed 86228K, reserved 1124352K
  class space    used 10844K, capacity 11641K, committed 11648K, reserved 1048576K
Heap Regions: E=young(eden), S=young(survivor), O=old, HS=humongous(starts), HC=humongous(continues), CS=collection set, F=free, A=archive, TAMS=top-at-mark-start (previous, next)
|   0|0x0000000080000000, 0x0000000080100000, 0x0000000080100000|100%| O|  |TAMS 0x0000000080100000, 0x0000000080000000| Untracked 
|   1|0x0000000080100000, 0x0000000080200000, 0x0000000080200000|100%| O|  |TAMS 0x0000000080200000, 0x0000000080100000| Untracked 
|   2|0x0000000080200000, 0x0000000080300000, 0x0000000080300000|100%| O|  |TAMS 0x0000000080300000, 0x0000000080200000| Untracked 
|   3|0x0000000080300000, 0x0000000080400000, 0x0000000080400000|100%|HS|  |TAMS 0x0000000080400000, 0x0000000080300000| Complete 
|   4|0x0000000080400000, 0x0000000080500000, 0x0000000080500000|100%|HC|  |TAMS 0x0000000080500000, 0x0000000080400000| Complete 
|   5|0x0000000080500000, 0x0000000080600000, 0x0000000080600000|100%|HC|  |TAMS 0x0000000080600000, 0x0000000080500000| Complete 
|   6|0x0000000080600000, 0x0000000080700000, 0x0000000080700000|100%| O|  |TAMS 0x0000000080700000, 0x0000000080600000| Untracked 
|   7|0x0000000080700000, 0x0000000080800000, 0x0000000080800000|100%| O|  |TAMS 0x0000000080800000, 0x0000000080700000| Untracked 
|   8|0x0000000080800000, 0x0000000080900000, 0x0000000080900000|100%| O|  |TAMS 0x0000000080900000, 0x0000000080800000| Untracked 
|   9|0x0000000080900000, 0x0000000080a00000, 0x0000000080a00000|100%| O|  |TAMS 0x0000000080a00000, 0x0000000080900000| Untracked 
|  10|0x0000000080a00000, 0x0000000080b00000, 0x0000000080b00000|100%| O|  |TAMS 0x0000000080b00000, 0x0000000080a00000| Untracked 
|  11|0x0000000080b00000, 0x0000000080c00000, 0x0000000080c00000|100%| O|  |TAMS 0x0000000080c00000, 0x0000000080b00000| Untracked 
|  12|0x0000000080c00000, 0x0000000080d00000, 0x0000000080d00000|100%| O|  |TAMS 0x0000000080d00000, 0x0000000080c00000| Untracked 
|  13|0x0000000080d00000, 0x0000000080e00000, 0x0000000080e00000|100%| O|  |TAMS 0x0000000080e00000, 0x0000000080d00000| Untracked 
|  14|0x0000000080e00000, 0x0000000080f00000, 0x0000000080f00000|100%| O|  |TAMS 0x0000000080f00000, 0x0000000080e00000| Untracked 
|  15|0x0000000080f00000, 0x0000000081000000, 0x0000000081000000|100%| O|  |TAMS 0x0000000081000000, 0x0000000080f00000| Untracked 
|  16|0x0000000081000000, 0x0000000081100000, 0x0000000081100000|100%|HS|  |TAMS 0x0000000081100000, 0x0000000081000000| Complete 
|  17|0x0000000081100000, 0x0000000081200000, 0x0000000081200000|100%|HS|  |TAMS 0x0000000081200000, 0x0000000081100000| Complete 
|  18|0x0000000081200000, 0x0000000081300000, 0x0000000081300000|100%|HS|  |TAMS 0x0000000081300000, 0x0000000081200000| Complete 
|  19|0x0000000081300000, 0x0000000081400000, 0x0000000081400000|100%|HS|  |TAMS 0x0000000081400000, 0x0000000081300000| Complete 
|  20|0x0000000081400000, 0x0000000081500000, 0x0000000081500000|100%|HC|  |TAMS 0x0000000081500000, 0x0000000081400000| Complete 
|  21|0x0000000081500000, 0x0000000081600000, 0x0000000081600000|100%| O|  |TAMS 0x0000000081600000, 0x0000000081500000| Untracked 
|  22|0x0000000081600000, 0x0000000081700000, 0x0000000081700000|100%| O|  |TAMS 0x0000000081700000, 0x0000000081600000| Untracked 
|  23|0x0000000081700000, 0x0000000081800000, 0x0000000081800000|100%| O|  |TAMS 0x0000000081800000, 0x0000000081700000| Untracked 
|  24|0x0000000081800000, 0x0000000081900000, 0x0000000081900000|100%| O|  |TAMS 0x0000000081900000, 0x0000000081800000| Untracked 
|  25|0x0000000081900000, 0x0000000081a00000, 0x0000000081a00000|100%| O|  |TAMS 0x0000000081a00000, 0x0000000081900000| Untracked 
|  26|0x0000000081a00000, 0x0000000081b00000, 0x0000000081b00000|100%| O|  |TAMS 0x0000000081b00000, 0x0000000081a00000| Untracked 
|  27|0x0000000081b00000, 0x0000000081c00000, 0x0000000081c00000|100%| O|  |TAMS 0x0000000081c00000, 0x0000000081b00000| Untracked 
|  28|0x0000000081c00000, 0x0000000081d00000, 0x0000000081d00000|100%| O|  |TAMS 0x0000000081d00000, 0x0000000081c00000| Untracked 
|  29|0x0000000081d00000, 0x0000000081e00000, 0x0000000081e00000|100%| O|  |TAMS 0x0000000081e00000, 0x0000000081d00000| Untracked 
|  30|0x0000000081e00000, 0x0000000081f00000, 0x0000000081f00000|100%| O|  |TAMS 0x0000000081f00000, 0x0000000081e00000| Untracked 
|  31|0x0000000081f00000, 0x0000000082000000, 0x0000000082000000|100%| O|  |TAMS 0x0000000082000000, 0x0000000081f00000| Untracked 
|  32|0x0000000082000000, 0x0000000082100000, 0x0000000082100000|100%| O|  |TAMS 0x0000000082100000, 0x0000000082000000| Untracked 
|  33|0x0000000082100000, 0x0000000082200000, 0x0000000082200000|100%| O|  |TAMS 0x0000000082200000, 0x0000000082100000| Untracked 
|  34|0x0000000082200000, 0x0000000082300000, 0x0000000082300000|100%| O|  |TAMS 0x0000000082300000, 0x0000000082200000| Untracked 
|  35|0x0000000082300000, 0x0000000082400000, 0x0000000082400000|100%| O|  |TAMS 0x0000000082400000, 0x0000000082300000| Untracked 
|  36|0x0000000082400000, 0x0000000082500000, 0x0000000082500000|100%| O|  |TAMS 0x0000000082500000, 0x0000000082400000| Untracked 
|  37|0x0000000082500000, 0x0000000082600000, 0x0000000082600000|100%| O|  |TAMS 0x0000000082600000, 0x0000000082500000| Untracked 
|  38|0x0000000082600000, 0x0000000082700000, 0x0000000082700000|100%| O|  |TAMS 0x0000000082700000, 0x0000000082600000| Untracked 
|  39|0x0000000082700000, 0x0000000082800000, 0x0000000082800000|100%| O|  |TAMS 0x0000000082800000, 0x0000000082700000| Untracked 
|  40|0x0000000082800000, 0x0000000082900000, 0x0000000082900000|100%| O|  |TAMS 0x0000000082900000, 0x0000000082800000| Untracked 
|  41|0x0000000082900000, 0x0000000082a00000, 0x0000000082a00000|100%| O|  |TAMS 0x0000000082a00000, 0x0000000082900000| Untracked 
|  42|0x0000000082a00000, 0x0000000082b00000, 0x0000000082b00000|100%| O|  |TAMS 0x0000000082b00000, 0x0000000082a00000| Untracked 
|  43|0x0000000082b00000, 0x0000000082c00000, 0x0000000082c00000|100%| O|  |TAMS 0x0000000082b67400, 0x0000000082b00000| Untracked 
|  44|0x0000000082c00000, 0x0000000082d00000, 0x0000000082d00000|100%| O|  |TAMS 0x0000000082c00000, 0x0000000082c00000| Untracked 
|  45|0x0000000082d00000, 0x0000000082e00000, 0x0000000082e00000|100%| O|  |TAMS 0x0000000082d00000, 0x0000000082d00000| Untracked 
|  46|0x0000000082e00000, 0x0000000082f00000, 0x0000000082f00000|100%| O|  |TAMS 0x0000000082e00000, 0x0000000082e00000| Untracked 
|  47|0x0000000082f00000, 0x0000000083000000, 0x0000000083000000|100%| O|  |TAMS 0x0000000082f00000, 0x0000000082f00000| Untracked 
|  48|0x0000000083000000, 0x0000000083100000, 0x0000000083100000|100%| O|  |TAMS 0x0000000083000000, 0x0000000083000000| Untracked 
|  49|0x0000000083100000, 0x0000000083200000, 0x0000000083200000|100%| O|  |TAMS 0x0000000083100000, 0x0000000083100000| Untracked 
|  50|0x0000000083200000, 0x0000000083300000, 0x0000000083300000|100%| O|  |TAMS 0x0000000083200000, 0x0000000083200000| Untracked 
|  51|0x0000000083300000, 0x0000000083400000, 0x0000000083400000|100%| O|  |TAMS 0x0000000083300000, 0x0000000083300000| Untracked 
|  52|0x0000000083400000, 0x0000000083500000, 0x0000000083500000|100%| O|  |TAMS 0x0000000083400000, 0x0000000083400000| Untracked 
|  53|0x0000000083500000, 0x0000000083600000, 0x0000000083600000|100%| O|  |TAMS 0x0000000083500000, 0x0000000083500000| Untracked 
|  54|0x0000000083600000, 0x0000000083600000, 0x0000000083700000|  0%| F|  |TAMS 0x0000000083600000, 0x0000000083600000| Untracked 
|  55|0x0000000083700000, 0x0000000083700000, 0x0000000083800000|  0%| F|  |TAMS 0x0000000083700000, 0x0000000083700000| Untracked 
|  56|0x0000000083800000, 0x0000000083800000, 0x0000000083900000|  0%| F|  |TAMS 0x0000000083800000, 0x0000000083800000| Untracked 
|  57|0x0000000083900000, 0x0000000083900000, 0x0000000083a00000|  0%| F|  |TAMS 0x0000000083900000, 0x0000000083900000| Untracked 
|  58|0x0000000083a00000, 0x0000000083a00000, 0x0000000083b00000|  0%| F|  |TAMS 0x0000000083a00000, 0x0000000083a00000| Untracked 
|  59|0x0000000083b00000, 0x0000000083b00000, 0x0000000083c00000|  0%| F|  |TAMS 0x0000000083b00000, 0x0000000083b00000| Untracked 
|  60|0x0000000083c00000, 0x0000000083c00000, 0x0000000083d00000|  0%| F|  |TAMS 0x0000000083c00000, 0x0000000083c00000| Untracked 
|  61|0x0000000083d00000, 0x0000000083d00000, 0x0000000083e00000|  0%| F|  |TAMS 0x0000000083d00000, 0x0000000083d00000| Untracked 
|  62|0x0000000083e00000, 0x0000000083e00000, 0x0000000083f00000|  0%| F|  |TAMS 0x0000000083e00000, 0x0000000083e00000| Untracked 
|  63|0x0000000083f00000, 0x0000000083f00000, 0x0000000084000000|  0%| F|  |TAMS 0x0000000083f00000, 0x0000000083f00000| Untracked 
|  64|0x0000000084000000, 0x0000000084000000, 0x0000000084100000|  0%| F|  |TAMS 0x0000000084000000, 0x0000000084000000| Untracked 
|  65|0x0000000084100000, 0x0000000084100000, 0x0000000084200000|  0%| F|  |TAMS 0x0000000084100000, 0x0000000084100000| Untracked 
|  66|0x0000000084200000, 0x0000000084200000, 0x0000000084300000|  0%| F|  |TAMS 0x0000000084200000, 0x0000000084200000| Untracked 
|  67|0x0000000084300000, 0x0000000084300000, 0x0000000084400000|  0%| F|  |TAMS 0x0000000084300000, 0x0000000084300000| Untracked 
|  68|0x0000000084400000, 0x0000000084400000, 0x0000000084500000|  0%| F|  |TAMS 0x0000000084400000, 0x0000000084400000| Untracked 
|  69|0x0000000084500000, 0x0000000084500000, 0x0000000084600000|  0%| F|  |TAMS 0x0000000084500000, 0x0000000084500000| Untracked 
|  70|0x0000000084600000, 0x0000000084600000, 0x0000000084700000|  0%| F|  |TAMS 0x0000000084600000, 0x0000000084600000| Untracked 
|  71|0x0000000084700000, 0x0000000084700000, 0x0000000084800000|  0%| F|  |TAMS 0x0000000084700000, 0x0000000084700000| Untracked 
|  72|0x0000000084800000, 0x0000000084800000, 0x0000000084900000|  0%| F|  |TAMS 0x0000000084800000, 0x0000000084800000| Untracked 
|  73|0x0000000084900000, 0x0000000084900000, 0x0000000084a00000|  0%| F|  |TAMS 0x0000000084900000, 0x0000000084900000| Untracked 
|  74|0x0000000084a00000, 0x0000000084a00000, 0x0000000084b00000|  0%| F|  |TAMS 0x0000000084a00000, 0x0000000084a00000| Untracked 
|  75|0x0000000084b00000, 0x0000000084b00000, 0x0000000084c00000|  0%| F|  |TAMS 0x0000000084b00000, 0x0000000084b00000| Untracked 
|  76|0x0000000084c00000, 0x0000000084c00000, 0x0000000084d00000|  0%| F|  |TAMS 0x0000000084c00000, 0x0000000084c00000| Untracked 
|  77|0x0000000084d00000, 0x0000000084d00000, 0x0000000084e00000|  0%| F|  |TAMS 0x0000000084d00000, 0x0000000084d00000| Untracked 
|  78|0x0000000084e00000, 0x0000000084e00000, 0x0000000084f00000|  0%| F|  |TAMS 0x0000000084e00000, 0x0000000084e00000| Untracked 
|  79|0x0000000084f00000, 0x0000000084f00000, 0x0000000085000000|  0%| F|  |TAMS 0x0000000084f00000, 0x0000000084f00000| Untracked 
|  80|0x0000000085000000, 0x0000000085000000, 0x0000000085100000|  0%| F|  |TAMS 0x0000000085000000, 0x0000000085000000| Untracked 
|  81|0x0000000085100000, 0x0000000085100000, 0x0000000085200000|  0%| F|  |TAMS 0x0000000085100000, 0x0000000085100000| Untracked 
|  82|0x0000000085200000, 0x0000000085200000, 0x0000000085300000|  0%| F|  |TAMS 0x0000000085200000, 0x0000000085200000| Untracked 
|  83|0x0000000085300000, 0x0000000085300000, 0x0000000085400000|  0%| F|  |TAMS 0x0000000085300000, 0x0000000085300000| Untracked 
|  84|0x0000000085400000, 0x0000000085400000, 0x0000000085500000|  0%| F|  |TAMS 0x0000000085400000, 0x0000000085400000| Untracked 
|  85|0x0000000085500000, 0x0000000085500000, 0x0000000085600000|  0%| F|  |TAMS 0x0000000085500000, 0x0000000085500000| Untracked 
|  86|0x0000000085600000, 0x0000000085600000, 0x0000000085700000|  0%| F|  |TAMS 0x0000000085600000, 0x0000000085600000| Untracked 
|  87|0x0000000085700000, 0x0000000085700000, 0x0000000085800000|  0%| F|  |TAMS 0x0000000085700000, 0x0000000085700000| Untracked 
|  88|0x0000000085800000, 0x0000000085800000, 0x0000000085900000|  0%| F|  |TAMS 0x0000000085800000, 0x0000000085800000| Untracked 
|  89|0x0000000085900000, 0x0000000085900000, 0x0000000085a00000|  0%| F|  |TAMS 0x0000000085900000, 0x0000000085900000| Untracked 
|  90|0x0000000085a00000, 0x0000000085a00000, 0x0000000085b00000|  0%| F|  |TAMS 0x0000000085a00000, 0x0000000085a00000| Untracked 
|  91|0x0000000085b00000, 0x0000000085b00000, 0x0000000085c00000|  0%| F|  |TAMS 0x0000000085b00000, 0x0000000085b00000| Untracked 
|  92|0x0000000085c00000, 0x0000000085c00000, 0x0000000085d00000|  0%| F|  |TAMS 0x0000000085c00000, 0x0000000085c00000| Untracked 
|  93|0x0000000085d00000, 0x0000000085d00000, 0x0000000085e00000|  0%| F|  |TAMS 0x0000000085d00000, 0x0000000085d00000| Untracked 
|  94|0x0000000085e00000, 0x0000000085e00000, 0x0000000085f00000|  0%| F|  |TAMS 0x0000000085e00000, 0x0000000085e00000| Untracked 
|  95|0x0000000085f00000, 0x0000000085f00000, 0x0000000086000000|  0%| F|  |TAMS 0x0000000085f00000, 0x0000000085f00000| Untracked 
|  96|0x0000000086000000, 0x0000000086000000, 0x0000000086100000|  0%| F|  |TAMS 0x0000000086000000, 0x0000000086000000| Untracked 
|  97|0x0000000086100000, 0x0000000086100000, 0x0000000086200000|  0%| F|  |TAMS 0x0000000086100000, 0x0000000086100000| Untracked 
|  98|0x0000000086200000, 0x0000000086200000, 0x0000000086300000|  0%| F|  |TAMS 0x0000000086200000, 0x0000000086200000| Untracked 
|  99|0x0000000086300000, 0x0000000086300000, 0x0000000086400000|  0%| F|  |TAMS 0x0000000086300000, 0x0000000086300000| Untracked 
| 100|0x0000000086400000, 0x0000000086400000, 0x0000000086500000|  0%| F|  |TAMS 0x0000000086400000, 0x0000000086400000| Untracked 
| 101|0x0000000086500000, 0x0000000086500000, 0x0000000086600000|  0%| F|  |TAMS 0x0000000086500000, 0x0000000086500000| Untracked 
| 102|0x0000000086600000, 0x0000000086600000, 0x0000000086700000|  0%| F|  |TAMS 0x0000000086600000, 0x0000000086600000| Untracked 
| 103|0x0000000086700000, 0x0000000086700000, 0x0000000086800000|  0%| F|  |TAMS 0x0000000086700000, 0x0000000086700000| Untracked 
| 104|0x0000000086800000, 0x0000000086800000, 0x0000000086900000|  0%| F|  |TAMS 0x0000000086800000, 0x0000000086800000| Untracked 
| 105|0x0000000086900000, 0x0000000086900000, 0x0000000086a00000|  0%| F|  |TAMS 0x0000000086900000, 0x0000000086900000| Untracked 
| 106|0x0000000086a00000, 0x0000000086a00000, 0x0000000086b00000|  0%| F|  |TAMS 0x0000000086a00000, 0x0000000086a00000| Untracked 
| 107|0x0000000086b00000, 0x0000000086b00000, 0x0000000086c00000|  0%| F|  |TAMS 0x0000000086b00000, 0x0000000086b00000| Untracked 
| 108|0x0000000086c00000, 0x0000000086c00000, 0x0000000086d00000|  0%| F|  |TAMS 0x0000000086c00000, 0x0000000086c00000| Untracked 
| 109|0x0000000086d00000, 0x0000000086d00000, 0x0000000086e00000|  0%| F|  |TAMS 0x0000000086d00000, 0x0000000086d00000| Untracked 
| 110|0x0000000086e00000, 0x0000000086e00000, 0x0000000086f00000|  0%| F|  |TAMS 0x0000000086e00000, 0x0000000086e00000| Untracked 
| 111|0x0000000086f00000, 0x0000000086f00000, 0x0000000087000000|  0%| F|  |TAMS 0x0000000086f00000, 0x0000000086f00000| Untracked 
| 112|0x0000000087000000, 0x0000000087000000, 0x0000000087100000|  0%| F|  |TAMS 0x0000000087000000, 0x0000000087000000| Untracked 
| 113|0x0000000087100000, 0x0000000087100000, 0x0000000087200000|  0%| F|  |TAMS 0x0000000087100000, 0x0000000087100000| Untracked 
| 114|0x0000000087200000, 0x0000000087200000, 0x0000000087300000|  0%| F|  |TAMS 0x0000000087200000, 0x0000000087200000| Untracked 
| 115|0x0000000087300000, 0x0000000087300000, 0x0000000087400000|  0%| F|  |TAMS 0x0000000087300000, 0x0000000087300000| Untracked 
| 116|0x0000000087400000, 0x0000000087400000, 0x0000000087500000|  0%| F|  |TAMS 0x0000000087400000, 0x0000000087400000| Untracked 
| 117|0x0000000087500000, 0x0000000087500000, 0x0000000087600000|  0%| F|  |TAMS 0x0000000087500000, 0x0000000087500000| Untracked 
| 118|0x0000000087600000, 0x0000000087600000, 0x0000000087700000|  0%| F|  |TAMS 0x0000000087600000, 0x0000000087600000| Untracked 
| 119|0x0000000087700000, 0x0000000087700000, 0x0000000087800000|  0%| F|  |TAMS 0x0000000087700000, 0x0000000087700000| Untracked 
| 120|0x0000000087800000, 0x0000000087800000, 0x0000000087900000|  0%| F|  |TAMS 0x0000000087800000, 0x0000000087800000| Untracked 
| 121|0x0000000087900000, 0x0000000087900000, 0x0000000087a00000|  0%| F|  |TAMS 0x0000000087900000, 0x0000000087900000| Untracked 
| 122|0x0000000087a00000, 0x0000000087a00000, 0x0000000087b00000|  0%| F|  |TAMS 0x0000000087a00000, 0x0000000087a00000| Untracked 
| 123|0x0000000087b00000, 0x0000000087b00000, 0x0000000087c00000|  0%| F|  |TAMS 0x0000000087b00000, 0x0000000087b00000| Untracked 
| 124|0x0000000087c00000, 0x0000000087c00000, 0x0000000087d00000|  0%| F|  |TAMS 0x0000000087c00000, 0x0000000087c00000| Untracked 
| 125|0x0000000087d00000, 0x0000000087d00000, 0x0000000087e00000|  0%| F|  |TAMS 0x0000000087d00000, 0x0000000087d00000| Untracked 
| 126|0x0000000087e00000, 0x0000000087e00000, 0x0000000087f00000|  0%| F|  |TAMS 0x0000000087e00000, 0x0000000087e00000| Untracked 
| 127|0x0000000087f00000, 0x0000000087f00000, 0x0000000088000000|  0%| F|  |TAMS 0x0000000087f00000, 0x0000000087f00000| Untracked 
| 128|0x0000000088000000, 0x0000000088100000, 0x0000000088100000|100%| S|CS|TAMS 0x0000000088000000, 0x0000000088000000| Complete 
| 129|0x0000000088100000, 0x0000000088200000, 0x0000000088200000|100%| S|CS|TAMS 0x0000000088100000, 0x0000000088100000| Complete 
| 130|0x0000000088200000, 0x0000000088300000, 0x0000000088300000|100%| S|CS|TAMS 0x0000000088200000, 0x0000000088200000| Complete 
| 131|0x0000000088300000, 0x0000000088400000, 0x0000000088400000|100%| S|CS|TAMS 0x0000000088300000, 0x0000000088300000| Complete 
| 132|0x0000000088400000, 0x0000000088500000, 0x0000000088500000|100%| S|CS|TAMS 0x0000000088400000, 0x0000000088400000| Complete 
| 133|0x0000000088500000, 0x0000000088600000, 0x0000000088600000|100%| S|CS|TAMS 0x0000000088500000, 0x0000000088500000| Complete 
| 134|0x0000000088600000, 0x0000000088700000, 0x0000000088700000|100%| S|CS|TAMS 0x0000000088600000, 0x0000000088600000| Complete 
| 135|0x0000000088700000, 0x0000000088800000, 0x0000000088800000|100%| S|CS|TAMS 0x0000000088700000, 0x0000000088700000| Complete 
| 136|0x0000000088800000, 0x0000000088800000, 0x0000000088900000|  0%| F|  |TAMS 0x0000000088800000, 0x0000000088800000| Untracked 
| 137|0x0000000088900000, 0x0000000088900000, 0x0000000088a00000|  0%| F|  |TAMS 0x0000000088900000, 0x0000000088900000| Untracked 
| 138|0x0000000088a00000, 0x0000000088a00000, 0x0000000088b00000|  0%| F|  |TAMS 0x0000000088a00000, 0x0000000088a00000| Untracked 
| 139|0x0000000088b00000, 0x0000000088b00000, 0x0000000088c00000|  0%| F|  |TAMS 0x0000000088b00000, 0x0000000088b00000| Untracked 
| 140|0x0000000088c00000, 0x0000000088c00000, 0x0000000088d00000|  0%| F|  |TAMS 0x0000000088c00000, 0x0000000088c00000| Untracked 
| 141|0x0000000088d00000, 0x0000000088d00000, 0x0000000088e00000|  0%| F|  |TAMS 0x0000000088d00000, 0x0000000088d00000| Untracked 
| 142|0x0000000088e00000, 0x0000000088e00000, 0x0000000088f00000|  0%| F|  |TAMS 0x0000000088e00000, 0x0000000088e00000| Untracked 
| 143|0x0000000088f00000, 0x0000000089000000, 0x0000000089000000|100%| S|CS|TAMS 0x0000000088f00000, 0x0000000088f00000| Complete 
| 144|0x0000000089000000, 0x0000000089100000, 0x0000000089100000|100%| S|CS|TAMS 0x0000000089000000, 0x0000000089000000| Complete 
| 145|0x0000000089100000, 0x0000000089200000, 0x0000000089200000|100%| S|CS|TAMS 0x0000000089100000, 0x0000000089100000| Complete 
| 146|0x0000000089200000, 0x0000000089300000, 0x0000000089300000|100%| S|CS|TAMS 0x0000000089200000, 0x0000000089200000| Complete 
| 147|0x0000000089300000, 0x0000000089400000, 0x0000000089400000|100%| S|CS|TAMS 0x0000000089300000, 0x0000000089300000| Complete 
| 148|0x0000000089400000, 0x0000000089500000, 0x0000000089500000|100%| S|CS|TAMS 0x0000000089400000, 0x0000000089400000| Complete 
| 149|0x0000000089500000, 0x0000000089500000, 0x0000000089600000|  0%| F|  |TAMS 0x0000000089500000, 0x0000000089500000| Untracked 
| 150|0x0000000089600000, 0x0000000089600000, 0x0000000089700000|  0%| F|  |TAMS 0x0000000089600000, 0x0000000089600000| Untracked 
| 151|0x0000000089700000, 0x0000000089700000, 0x0000000089800000|  0%| F|  |TAMS 0x0000000089700000, 0x0000000089700000| Untracked 
| 152|0x0000000089800000, 0x0000000089800000, 0x0000000089900000|  0%| F|  |TAMS 0x0000000089800000, 0x0000000089800000| Untracked 
| 153|0x0000000089900000, 0x0000000089900000, 0x0000000089a00000|  0%| F|  |TAMS 0x0000000089900000, 0x0000000089900000| Untracked 
| 154|0x0000000089a00000, 0x0000000089a00000, 0x0000000089b00000|  0%| F|  |TAMS 0x0000000089a00000, 0x0000000089a00000| Untracked 
| 155|0x0000000089b00000, 0x0000000089b00000, 0x0000000089c00000|  0%| F|  |TAMS 0x0000000089b00000, 0x0000000089b00000| Untracked 
| 156|0x0000000089c00000, 0x0000000089c00000, 0x0000000089d00000|  0%| F|  |TAMS 0x0000000089c00000, 0x0000000089c00000| Untracked 
| 157|0x0000000089d00000, 0x0000000089d00000, 0x0000000089e00000|  0%| F|  |TAMS 0x0000000089d00000, 0x0000000089d00000| Untracked 
| 158|0x0000000089e00000, 0x0000000089e00000, 0x0000000089f00000|  0%| F|  |TAMS 0x0000000089e00000, 0x0000000089e00000| Untracked 
| 159|0x0000000089f00000, 0x0000000089f00000, 0x000000008a000000|  0%| F|  |TAMS 0x0000000089f00000, 0x0000000089f00000| Untracked 
| 160|0x000000008a000000, 0x000000008a000000, 0x000000008a100000|  0%| F|  |TAMS 0x000000008a000000, 0x000000008a000000| Untracked 
| 161|0x000000008a100000, 0x000000008a100000, 0x000000008a200000|  0%| F|  |TAMS 0x000000008a100000, 0x000000008a100000| Untracked 
| 162|0x000000008a200000, 0x000000008a200000, 0x000000008a300000|  0%| F|  |TAMS 0x000000008a200000, 0x000000008a200000| Untracked 
| 163|0x000000008a300000, 0x000000008a300000, 0x000000008a400000|  0%| F|  |TAMS 0x000000008a300000, 0x000000008a300000| Untracked 
| 164|0x000000008a400000, 0x000000008a400000, 0x000000008a500000|  0%| F|  |TAMS 0x000000008a400000, 0x000000008a400000| Untracked 
| 165|0x000000008a500000, 0x000000008a500000, 0x000000008a600000|  0%| F|  |TAMS 0x000000008a500000, 0x000000008a500000| Untracked 
| 166|0x000000008a600000, 0x000000008a600000, 0x000000008a700000|  0%| F|  |TAMS 0x000000008a600000, 0x000000008a600000| Untracked 
| 167|0x000000008a700000, 0x000000008a700000, 0x000000008a800000|  0%| F|  |TAMS 0x000000008a700000, 0x000000008a700000| Untracked 
| 168|0x000000008a800000, 0x000000008a800000, 0x000000008a900000|  0%| F|  |TAMS 0x000000008a800000, 0x000000008a800000| Untracked 
| 169|0x000000008a900000, 0x000000008a900000, 0x000000008aa00000|  0%| F|  |TAMS 0x000000008a900000, 0x000000008a900000| Untracked 
| 170|0x000000008aa00000, 0x000000008aa00000, 0x000000008ab00000|  0%| F|  |TAMS 0x000000008aa00000, 0x000000008aa00000| Untracked 
| 171|0x000000008ab00000, 0x000000008ab00000, 0x000000008ac00000|  0%| F|  |TAMS 0x000000008ab00000, 0x000000008ab00000| Untracked 
| 172|0x000000008ac00000, 0x000000008ac00000, 0x000000008ad00000|  0%| F|  |TAMS 0x000000008ac00000, 0x000000008ac00000| Untracked 
| 173|0x000000008ad00000, 0x000000008ad00000, 0x000000008ae00000|  0%| F|  |TAMS 0x000000008ad00000, 0x000000008ad00000| Untracked 
| 174|0x000000008ae00000, 0x000000008ae00000, 0x000000008af00000|  0%| F|  |TAMS 0x000000008ae00000, 0x000000008ae00000| Untracked 
| 175|0x000000008af00000, 0x000000008af00000, 0x000000008b000000|  0%| F|  |TAMS 0x000000008af00000, 0x000000008af00000| Untracked 
| 176|0x000000008b000000, 0x000000008b000000, 0x000000008b100000|  0%| F|  |TAMS 0x000000008b000000, 0x000000008b000000| Untracked 
| 177|0x000000008b100000, 0x000000008b100000, 0x000000008b200000|  0%| F|  |TAMS 0x000000008b100000, 0x000000008b100000| Untracked 
| 178|0x000000008b200000, 0x000000008b200000, 0x000000008b300000|  0%| F|  |TAMS 0x000000008b200000, 0x000000008b200000| Untracked 
| 179|0x000000008b300000, 0x000000008b300000, 0x000000008b400000|  0%| F|  |TAMS 0x000000008b300000, 0x000000008b300000| Untracked 
| 180|0x000000008b400000, 0x000000008b400000, 0x000000008b500000|  0%| F|  |TAMS 0x000000008b400000, 0x000000008b400000| Untracked 
| 181|0x000000008b500000, 0x000000008b500000, 0x000000008b600000|  0%| F|  |TAMS 0x000000008b500000, 0x000000008b500000| Untracked 
| 182|0x000000008b600000, 0x000000008b600000, 0x000000008b700000|  0%| F|  |TAMS 0x000000008b600000, 0x000000008b600000| Untracked 
| 183|0x000000008b700000, 0x000000008b700000, 0x000000008b800000|  0%| F|  |TAMS 0x000000008b700000, 0x000000008b700000| Untracked 
| 184|0x000000008b800000, 0x000000008b800000, 0x000000008b900000|  0%| F|  |TAMS 0x000000008b800000, 0x000000008b800000| Untracked 
| 185|0x000000008b900000, 0x000000008b900000, 0x000000008ba00000|  0%| F|  |TAMS 0x000000008b900000, 0x000000008b900000| Untracked 
| 186|0x000000008ba00000, 0x000000008ba00000, 0x000000008bb00000|  0%| F|  |TAMS 0x000000008ba00000, 0x000000008ba00000| Untracked 
| 187|0x000000008bb00000, 0x000000008bb00000, 0x000000008bc00000|  0%| F|  |TAMS 0x000000008bb00000, 0x000000008bb00000| Untracked 
| 188|0x000000008bc00000, 0x000000008bc00000, 0x000000008bd00000|  0%| F|  |TAMS 0x000000008bc00000, 0x000000008bc00000| Untracked 
| 189|0x000000008bd00000, 0x000000008bd00000, 0x000000008be00000|  0%| F|  |TAMS 0x000000008bd00000, 0x000000008bd00000| Untracked 
| 190|0x000000008be00000, 0x000000008be00000, 0x000000008bf00000|  0%| F|  |TAMS 0x000000008be00000, 0x000000008be00000| Untracked 
| 191|0x000000008bf00000, 0x000000008bf00000, 0x000000008c000000|  0%| F|  |TAMS 0x000000008bf00000, 0x000000008bf00000| Untracked 
| 192|0x000000008c000000, 0x000000008c000000, 0x000000008c100000|  0%| F|  |TAMS 0x000000008c000000, 0x000000008c000000| Untracked 
| 193|0x000000008c100000, 0x000000008c100000, 0x000000008c200000|  0%| F|  |TAMS 0x000000008c100000, 0x000000008c100000| Untracked 
| 194|0x000000008c200000, 0x000000008c200000, 0x000000008c300000|  0%| F|  |TAMS 0x000000008c200000, 0x000000008c200000| Untracked 
| 195|0x000000008c300000, 0x000000008c300000, 0x000000008c400000|  0%| F|  |TAMS 0x000000008c300000, 0x000000008c300000| Untracked 
| 196|0x000000008c400000, 0x000000008c400000, 0x000000008c500000|  0%| F|  |TAMS 0x000000008c400000, 0x000000008c400000| Untracked 
| 197|0x000000008c500000, 0x000000008c500000, 0x000000008c600000|  0%| F|  |TAMS 0x000000008c500000, 0x000000008c500000| Untracked 
| 198|0x000000008c600000, 0x000000008c600000, 0x000000008c700000|  0%| F|  |TAMS 0x000000008c600000, 0x000000008c600000| Untracked 
| 199|0x000000008c700000, 0x000000008c700000, 0x000000008c800000|  0%| F|  |TAMS 0x000000008c700000, 0x000000008c700000| Untracked 
| 200|0x000000008c800000, 0x000000008c800000, 0x000000008c900000|  0%| F|  |TAMS 0x000000008c800000, 0x000000008c800000| Untracked 
| 201|0x000000008c900000, 0x000000008c900000, 0x000000008ca00000|  0%| F|  |TAMS 0x000000008c900000, 0x000000008c900000| Untracked 
| 202|0x000000008ca00000, 0x000000008ca00000, 0x000000008cb00000|  0%| F|  |TAMS 0x000000008ca00000, 0x000000008ca00000| Untracked 
| 203|0x000000008cb00000, 0x000000008cb00000, 0x000000008cc00000|  0%| F|  |TAMS 0x000000008cb00000, 0x000000008cb00000| Untracked 
| 204|0x000000008cc00000, 0x000000008cc00000, 0x000000008cd00000|  0%| F|  |TAMS 0x000000008cc00000, 0x000000008cc00000| Untracked 
| 205|0x000000008cd00000, 0x000000008cd1ced0, 0x000000008ce00000| 11%| E|  |TAMS 0x000000008cd00000, 0x000000008cd00000| Complete 
| 206|0x000000008ce00000, 0x000000008cf00000, 0x000000008cf00000|100%| E|CS|TAMS 0x000000008ce00000, 0x000000008ce00000| Complete 
| 207|0x000000008cf00000, 0x000000008d000000, 0x000000008d000000|100%| E|CS|TAMS 0x000000008cf00000, 0x000000008cf00000| Complete 
| 208|0x000000008d000000, 0x000000008d100000, 0x000000008d100000|100%| E|CS|TAMS 0x000000008d000000, 0x000000008d000000| Complete 
| 209|0x000000008d100000, 0x000000008d200000, 0x000000008d200000|100%| E|CS|TAMS 0x000000008d100000, 0x000000008d100000| Complete 
| 210|0x000000008d200000, 0x000000008d300000, 0x000000008d300000|100%| E|CS|TAMS 0x000000008d200000, 0x000000008d200000| Complete 
| 211|0x000000008d300000, 0x000000008d400000, 0x000000008d400000|100%| E|CS|TAMS 0x000000008d300000, 0x000000008d300000| Complete 
| 212|0x000000008d400000, 0x000000008d500000, 0x000000008d500000|100%| E|CS|TAMS 0x000000008d400000, 0x000000008d400000| Complete 
| 213|0x000000008d500000, 0x000000008d600000, 0x000000008d600000|100%| E|CS|TAMS 0x000000008d500000, 0x000000008d500000| Complete 
| 214|0x000000008d600000, 0x000000008d700000, 0x000000008d700000|100%| E|CS|TAMS 0x000000008d600000, 0x000000008d600000| Complete 
| 215|0x000000008d700000, 0x000000008d800000, 0x000000008d800000|100%| E|CS|TAMS 0x000000008d700000, 0x000000008d700000| Complete 
| 216|0x000000008d800000, 0x000000008d900000, 0x000000008d900000|100%| E|CS|TAMS 0x000000008d800000, 0x000000008d800000| Complete 
| 217|0x000000008d900000, 0x000000008da00000, 0x000000008da00000|100%| E|CS|TAMS 0x000000008d900000, 0x000000008d900000| Complete 
| 218|0x000000008da00000, 0x000000008db00000, 0x000000008db00000|100%| E|CS|TAMS 0x000000008da00000, 0x000000008da00000| Complete 
| 219|0x000000008db00000, 0x000000008dc00000, 0x000000008dc00000|100%| E|CS|TAMS 0x000000008db00000, 0x000000008db00000| Complete 
| 220|0x000000008dc00000, 0x000000008dd00000, 0x000000008dd00000|100%| E|CS|TAMS 0x000000008dc00000, 0x000000008dc00000| Complete 
| 221|0x000000008dd00000, 0x000000008de00000, 0x000000008de00000|100%| E|  |TAMS 0x000000008dd00000, 0x000000008dd00000| Complete 
| 222|0x000000008de00000, 0x000000008df00000, 0x000000008df00000|100%| E|CS|TAMS 0x000000008de00000, 0x000000008de00000| Complete 
| 223|0x000000008df00000, 0x000000008e000000, 0x000000008e000000|100%| E|CS|TAMS 0x000000008df00000, 0x000000008df00000| Complete 
| 224|0x000000008e000000, 0x000000008e100000, 0x000000008e100000|100%| E|CS|TAMS 0x000000008e000000, 0x000000008e000000| Complete 
| 225|0x000000008e100000, 0x000000008e200000, 0x000000008e200000|100%| E|CS|TAMS 0x000000008e100000, 0x000000008e100000| Complete 
| 226|0x000000008e200000, 0x000000008e300000, 0x000000008e300000|100%| E|CS|TAMS 0x000000008e200000, 0x000000008e200000| Complete 
| 227|0x000000008e300000, 0x000000008e400000, 0x000000008e400000|100%| E|CS|TAMS 0x000000008e300000, 0x000000008e300000| Complete 
| 228|0x000000008e400000, 0x000000008e500000, 0x000000008e500000|100%| E|CS|TAMS 0x000000008e400000, 0x000000008e400000| Complete 
| 229|0x000000008e500000, 0x000000008e600000, 0x000000008e600000|100%| E|CS|TAMS 0x000000008e500000, 0x000000008e500000| Complete 
| 230|0x000000008e600000, 0x000000008e700000, 0x000000008e700000|100%| E|CS|TAMS 0x000000008e600000, 0x000000008e600000| Complete 
| 231|0x000000008e700000, 0x000000008e800000, 0x000000008e800000|100%| E|CS|TAMS 0x000000008e700000, 0x000000008e700000| Complete 
| 232|0x000000008e800000, 0x000000008e900000, 0x000000008e900000|100%| E|CS|TAMS 0x000000008e800000, 0x000000008e800000| Complete 
| 233|0x000000008e900000, 0x000000008ea00000, 0x000000008ea00000|100%| E|CS|TAMS 0x000000008e900000, 0x000000008e900000| Complete 
| 234|0x000000008ea00000, 0x000000008eb00000, 0x000000008eb00000|100%| E|CS|TAMS 0x000000008ea00000, 0x000000008ea00000| Complete 
| 235|0x000000008eb00000, 0x000000008ec00000, 0x000000008ec00000|100%| E|CS|TAMS 0x000000008eb00000, 0x000000008eb00000| Complete 
| 236|0x000000008ec00000, 0x000000008ed00000, 0x000000008ed00000|100%| E|CS|TAMS 0x000000008ec00000, 0x000000008ec00000| Complete 
| 237|0x000000008ed00000, 0x000000008ee00000, 0x000000008ee00000|100%| E|CS|TAMS 0x000000008ed00000, 0x000000008ed00000| Complete 
| 238|0x000000008ee00000, 0x000000008ef00000, 0x000000008ef00000|100%| E|CS|TAMS 0x000000008ee00000, 0x000000008ee00000| Complete 
| 239|0x000000008ef00000, 0x000000008f000000, 0x000000008f000000|100%| E|CS|TAMS 0x000000008ef00000, 0x000000008ef00000| Complete 
| 240|0x000000008f000000, 0x000000008f100000, 0x000000008f100000|100%| E|CS|TAMS 0x000000008f000000, 0x000000008f000000| Complete 
| 241|0x000000008f100000, 0x000000008f200000, 0x000000008f200000|100%| E|CS|TAMS 0x000000008f100000, 0x000000008f100000| Complete 
| 242|0x000000008f200000, 0x000000008f300000, 0x000000008f300000|100%| E|CS|TAMS 0x000000008f200000, 0x000000008f200000| Complete 
| 243|0x000000008f300000, 0x000000008f400000, 0x000000008f400000|100%| E|CS|TAMS 0x000000008f300000, 0x000000008f300000| Complete 
| 244|0x000000008f400000, 0x000000008f500000, 0x000000008f500000|100%| E|CS|TAMS 0x000000008f400000, 0x000000008f400000| Complete 
| 245|0x000000008f500000, 0x000000008f600000, 0x000000008f600000|100%| E|CS|TAMS 0x000000008f500000, 0x000000008f500000| Complete 
| 246|0x000000008f600000, 0x000000008f700000, 0x000000008f700000|100%| E|CS|TAMS 0x000000008f600000, 0x000000008f600000| Complete 
| 247|0x000000008f700000, 0x000000008f800000, 0x000000008f800000|100%| E|CS|TAMS 0x000000008f700000, 0x000000008f700000| Complete 
| 248|0x000000008f800000, 0x000000008f900000, 0x000000008f900000|100%| E|CS|TAMS 0x000000008f800000, 0x000000008f800000| Complete 
| 249|0x000000008f900000, 0x000000008fa00000, 0x000000008fa00000|100%| E|CS|TAMS 0x000000008f900000, 0x000000008f900000| Complete 
| 250|0x000000008fa00000, 0x000000008fb00000, 0x000000008fb00000|100%| E|CS|TAMS 0x000000008fa00000, 0x000000008fa00000| Complete 
| 251|0x000000008fb00000, 0x000000008fc00000, 0x000000008fc00000|100%| E|CS|TAMS 0x000000008fb00000, 0x000000008fb00000| Complete 
| 252|0x000000008fc00000, 0x000000008fd00000, 0x000000008fd00000|100%| E|CS|TAMS 0x000000008fc00000, 0x000000008fc00000| Complete 
| 253|0x000000008fd00000, 0x000000008fe00000, 0x000000008fe00000|100%| E|CS|TAMS 0x000000008fd00000, 0x000000008fd00000| Complete 

Card table byte_map: [0x0000021ee7e70000,0x0000021ee8270000] _byte_map_base: 0x0000021ee7a70000

Marking Bits (Prev, Next): (CMBitMap*) 0x0000021ed4550bf8, (CMBitMap*) 0x0000021ed4550c30
 Prev Bits: [0x0000021ee8670000, 0x0000021eea670000)
 Next Bits: [0x0000021eea670000, 0x0000021eec670000)

Polling page: 0x0000021ed2cc0000

Metaspace:

Usage:
  Non-class:     72.77 MB capacity,    71.52 MB ( 98%) used,     1.02 MB (  1%) free+waste,   236.19 KB ( <1%) overhead. 
      Class:     11.37 MB capacity,    10.59 MB ( 93%) used,   688.41 KB (  6%) free+waste,   107.69 KB ( <1%) overhead. 
       Both:     84.14 MB capacity,    82.11 MB ( 98%) used,     1.69 MB (  2%) free+waste,   343.88 KB ( <1%) overhead. 

Virtual space:
  Non-class space:       74.00 MB reserved,      72.83 MB ( 98%) committed 
      Class space:        1.00 GB reserved,      11.38 MB (  1%) committed 
             Both:        1.07 GB reserved,      84.21 MB (  8%) committed 

Chunk freelists:
   Non-Class:  61.00 KB
       Class:  7.00 KB
        Both:  68.00 KB

MaxMetaspaceSize: 17179869184.00 GB
CompressedClassSpaceSize: 1.00 GB

CodeHeap 'non-profiled nmethods': size=120000Kb used=6121Kb max_used=6121Kb free=113878Kb
 bounds [0x0000021edfae0000, 0x0000021ee00e0000, 0x0000021ee7010000]
CodeHeap 'profiled nmethods': size=120000Kb used=20910Kb max_used=20910Kb free=99089Kb
 bounds [0x0000021ed85b0000, 0x0000021ed9a20000, 0x0000021edfae0000]
CodeHeap 'non-nmethods': size=5760Kb used=2276Kb max_used=2340Kb free=3483Kb
 bounds [0x0000021ed8010000, 0x0000021ed8280000, 0x0000021ed85b0000]
 total_blobs=10621 nmethods=9746 adapters=786
 compilation: enabled
              stopped_count=0, restarted_count=0
 full_count=0

Compilation events (20 events):
Event: 13.703 Thread 0x0000021eefa1e800 9742       3       org.gradle.internal.operations.DefaultBuildOperationQueue::access$700 (6 bytes)
Event: 13.703 Thread 0x0000021eefa1e800 nmethod 9742 0x0000021ed9a08490 code [0x0000021ed9a08640, 0x0000021ed9a08748]
Event: 13.703 Thread 0x0000021eefa1e800 9743   !   3       org.gradle.internal.operations.DefaultBuildOperationQueue::completeOperations (47 bytes)
Event: 13.704 Thread 0x0000021eefa1e800 nmethod 9743 0x0000021ed9a08810 code [0x0000021ed9a08aa0, 0x0000021ed9a09568]
Event: 13.704 Thread 0x0000021eefa1e800 9744       3       org.gradle.api.internal.artifacts.ivyservice.modulecache.artifacts.DefaultCachedArtifact::isMissing (13 bytes)
Event: 13.705 Thread 0x0000021eefa1e800 nmethod 9744 0x0000021ed9a09a90 code [0x0000021ed9a09c40, 0x0000021ed9a09d98]
Event: 13.705 Thread 0x0000021eefa1e800 9745       3       org.gradle.api.internal.artifacts.ivyservice.modulecache.artifacts.ArtifactAtRepositoryKey::hashCode (16 bytes)
Event: 13.705 Thread 0x0000021eefa1e800 nmethod 9745 0x0000021ed9a09e10 code [0x0000021ed9a09fe0, 0x0000021ed9a0a1f8]
Event: 13.706 Thread 0x0000021eefa1e800 9746       3       org.gradle.internal.snapshot.PathUtil::getPathComparator (52 bytes)
Event: 13.706 Thread 0x0000021eefa1e800 nmethod 9746 0x0000021ed9a0a310 code [0x0000021ed9a0a4e0, 0x0000021ed9a0a768]
Event: 13.706 Thread 0x0000021eefa1e800 9747       3       com.google.common.collect.ImmutableMultimap::createEntries (5 bytes)
Event: 13.706 Thread 0x0000021eefa1e800 nmethod 9747 0x0000021ed9a0a910 code [0x0000021ed9a0aae0, 0x0000021ed9a0aef8]
Event: 13.706 Thread 0x0000021eefa1e800 9748       3       org.gradle.internal.resources.ExclusiveAccessResourceLock::doIsLocked (8 bytes)
Event: 13.706 Thread 0x0000021eefa1e800 nmethod 9748 0x0000021ed9a0b090 code [0x0000021ed9a0b260, 0x0000021ed9a0b518]
Event: 13.706 Thread 0x0000021eefa1e800 9749       3       java.util.concurrent.locks.ReentrantLock::isLocked (8 bytes)
Event: 13.707 Thread 0x0000021eefa1e800 nmethod 9749 0x0000021ed9a0b610 code [0x0000021ed9a0b7c0, 0x0000021ed9a0b998]
Event: 13.707 Thread 0x0000021eefa1e800 9750       3       java.util.concurrent.locks.ReentrantLock$Sync::isLocked (13 bytes)
Event: 13.707 Thread 0x0000021eefa1e800 nmethod 9750 0x0000021ed9a0ba90 code [0x0000021ed9a0bc40, 0x0000021ed9a0bdb8]
Event: 13.710 Thread 0x0000021eefa1e800 9751       3       org.gradle.internal.component.model.DefaultIvyArtifactName::forFile (11 bytes)
Event: 13.711 Thread 0x0000021eefa1e800 nmethod 9751 0x0000021ed9a0be90 code [0x0000021ed9a0c080, 0x0000021ed9a0c318]

GC Heap History (20 events):
Event: 2.459 GC heap before
{Heap before GC invocations=2 (full 0):
 garbage-first heap   total 260096K, used 65297K [0x0000000080000000, 0x0000000100000000)
  region size 1024K, 55 young (56320K), 1 survivors (1024K)
 Metaspace       used 18084K, capacity 18515K, committed 18688K, reserved 1064960K
  class space    used 2154K, capacity 2287K, committed 2304K, reserved 1048576K
}
Event: 2.463 GC heap after
{Heap after GC invocations=3 (full 0):
 garbage-first heap   total 260096K, used 16315K [0x0000000080000000, 0x0000000100000000)
  region size 1024K, 7 young (7168K), 7 survivors (7168K)
 Metaspace       used 18084K, capacity 18515K, committed 18688K, reserved 1064960K
  class space    used 2154K, capacity 2287K, committed 2304K, reserved 1048576K
}
Event: 2.696 GC heap before
{Heap before GC invocations=3 (full 0):
 garbage-first heap   total 260096K, used 37819K [0x0000000080000000, 0x0000000100000000)
  region size 1024K, 29 young (29696K), 7 survivors (7168K)
 Metaspace       used 20658K, capacity 21104K, committed 21296K, reserved 1069056K
  class space    used 2533K, capacity 2660K, committed 2688K, reserved 1048576K
}
Event: 2.704 GC heap after
{Heap after GC invocations=4 (full 0):
 garbage-first heap   total 260096K, used 17083K [0x0000000080000000, 0x0000000100000000)
  region size 1024K, 1 young (1024K), 1 survivors (1024K)
 Metaspace       used 20658K, capacity 21104K, committed 21296K, reserved 1069056K
  class space    used 2533K, capacity 2660K, committed 2688K, reserved 1048576K
}
Event: 3.606 GC heap before
{Heap before GC invocations=5 (full 0):
 garbage-first heap   total 260096K, used 97979K [0x0000000080000000, 0x0000000100000000)
  region size 1024K, 80 young (81920K), 1 survivors (1024K)
 Metaspace       used 28370K, capacity 29027K, committed 29184K, reserved 1075200K
  class space    used 3775K, capacity 4012K, committed 4096K, reserved 1048576K
}
Event: 3.611 GC heap after
{Heap after GC invocations=6 (full 0):
 garbage-first heap   total 260096K, used 19762K [0x0000000080000000, 0x0000000100000000)
  region size 1024K, 4 young (4096K), 4 survivors (4096K)
 Metaspace       used 28370K, capacity 29027K, committed 29184K, reserved 1075200K
  class space    used 3775K, capacity 4012K, committed 4096K, reserved 1048576K
}
Event: 4.253 GC heap before
{Heap before GC invocations=6 (full 0):
 garbage-first heap   total 260096K, used 50482K [0x0000000080000000, 0x0000000100000000)
  region size 1024K, 36 young (36864K), 4 survivors (4096K)
 Metaspace       used 35064K, capacity 35845K, committed 36048K, reserved 1081344K
  class space    used 4563K, capacity 4863K, committed 4864K, reserved 1048576K
}
Event: 4.263 GC heap after
{Heap after GC invocations=7 (full 0):
 garbage-first heap   total 260096K, used 22529K [0x0000000080000000, 0x0000000100000000)
  region size 1024K, 7 young (7168K), 7 survivors (7168K)
 Metaspace       used 35064K, capacity 35845K, committed 36048K, reserved 1081344K
  class space    used 4563K, capacity 4863K, committed 4864K, reserved 1048576K
}
Event: 5.620 GC heap before
{Heap before GC invocations=8 (full 0):
 garbage-first heap   total 260096K, used 130049K [0x0000000080000000, 0x0000000100000000)
  region size 1024K, 109 young (111616K), 7 survivors (7168K)
 Metaspace       used 43822K, capacity 44818K, committed 44880K, reserved 1087488K
  class space    used 5607K, capacity 5983K, committed 6016K, reserved 1048576K
}
Event: 5.630 GC heap after
{Heap after GC invocations=9 (full 0):
 garbage-first heap   total 260096K, used 28869K [0x0000000080000000, 0x0000000100000000)
  region size 1024K, 13 young (13312K), 13 survivors (13312K)
 Metaspace       used 43822K, capacity 44818K, committed 44880K, reserved 1087488K
  class space    used 5607K, capacity 5983K, committed 6016K, reserved 1048576K
}
Event: 7.224 GC heap before
{Heap before GC invocations=9 (full 0):
 garbage-first heap   total 260096K, used 168133K [0x0000000080000000, 0x0000000100000000)
  region size 1024K, 145 young (148480K), 13 survivors (13312K)
 Metaspace       used 52426K, capacity 53733K, committed 53840K, reserved 1095680K
  class space    used 6681K, capacity 7190K, committed 7296K, reserved 1048576K
}
Event: 7.239 GC heap after
{Heap after GC invocations=10 (full 0):
 garbage-first heap   total 260096K, used 44599K [0x0000000080000000, 0x0000000100000000)
  region size 1024K, 19 young (19456K), 19 survivors (19456K)
 Metaspace       used 52426K, capacity 53733K, committed 53840K, reserved 1095680K
  class space    used 6681K, capacity 7190K, committed 7296K, reserved 1048576K
}
Event: 7.899 GC heap before
{Heap before GC invocations=10 (full 0):
 garbage-first heap   total 260096K, used 86583K [0x0000000080000000, 0x0000000100000000)
  region size 1024K, 61 young (62464K), 19 survivors (19456K)
 Metaspace       used 58765K, capacity 60075K, committed 60240K, reserved 1101824K
  class space    used 7429K, capacity 7956K, committed 8064K, reserved 1048576K
}
Event: 7.923 GC heap after
{Heap after GC invocations=11 (full 0):
 garbage-first heap   total 260096K, used 47899K [0x0000000080000000, 0x0000000100000000)
  region size 1024K, 4 young (4096K), 4 survivors (4096K)
 Metaspace       used 58765K, capacity 60075K, committed 60240K, reserved 1101824K
  class space    used 7429K, capacity 7956K, committed 8064K, reserved 1048576K
}
Event: 9.228 GC heap before
{Heap before GC invocations=12 (full 0):
 garbage-first heap   total 260096K, used 147227K [0x0000000080000000, 0x0000000100000000)
  region size 1024K, 101 young (103424K), 4 survivors (4096K)
 Metaspace       used 65671K, capacity 67254K, committed 67412K, reserved 1107968K
  class space    used 8319K, capacity 8930K, committed 8960K, reserved 1048576K
}
Event: 9.238 GC heap after
{Heap after GC invocations=13 (full 0):
 garbage-first heap   total 260096K, used 54398K [0x0000000080000000, 0x0000000100000000)
  region size 1024K, 10 young (10240K), 10 survivors (10240K)
 Metaspace       used 65671K, capacity 67254K, committed 67412K, reserved 1107968K
  class space    used 8319K, capacity 8930K, committed 8960K, reserved 1048576K
}
Event: 10.962 GC heap before
{Heap before GC invocations=14 (full 0):
 garbage-first heap   total 260096K, used 157822K [0x0000000080000000, 0x0000000100000000)
  region size 1024K, 111 young (113664K), 10 survivors (10240K)
 Metaspace       used 76154K, capacity 77864K, committed 78036K, reserved 1116160K
  class space    used 9922K, capacity 10566K, committed 10624K, reserved 1048576K
}
Event: 10.975 GC heap after
{Heap after GC invocations=15 (full 0):
 garbage-first heap   total 260096K, used 60493K [0x0000000080000000, 0x0000000100000000)
  region size 1024K, 7 young (7168K), 7 survivors (7168K)
 Metaspace       used 76154K, capacity 77864K, committed 78036K, reserved 1116160K
  class space    used 9922K, capacity 10566K, committed 10624K, reserved 1048576K
}
Event: 13.091 GC heap before
{Heap before GC invocations=15 (full 0):
 garbage-first heap   total 260096K, used 166989K [0x0000000080000000, 0x0000000100000000)
  region size 1024K, 112 young (114688K), 7 survivors (7168K)
 Metaspace       used 83189K, capacity 85195K, committed 85460K, reserved 1124352K
  class space    used 10759K, capacity 11536K, committed 11648K, reserved 1048576K
}
Event: 13.104 GC heap after
{Heap after GC invocations=16 (full 0):
 garbage-first heap   total 260096K, used 69632K [0x0000000080000000, 0x0000000100000000)
  region size 1024K, 14 young (14336K), 14 survivors (14336K)
 Metaspace       used 83189K, capacity 85195K, committed 85460K, reserved 1124352K
  class space    used 10759K, capacity 11536K, committed 11648K, reserved 1048576K
}

Deoptimization events (20 events):
Event: 13.548 Thread 0x0000021ef0471000 Uncommon trap: trap_request=0xffffffc6 fr.pc=0x0000021ee007a5d8 relative=0x0000000000000478
Event: 13.548 Thread 0x0000021ef0471000 Uncommon trap: reason=bimorphic_or_optimized_type_check action=maybe_recompile pc=0x0000021ee007a5d8 method=java.util.Collections.indexedBinarySearch(Ljava/util/List;Ljava/lang/Object;Ljava/util/Comparator;)I @ 3 c2
Event: 13.548 Thread 0x0000021ef0471000 DEOPT PACKING pc=0x0000021ee007a5d8 sp=0x00000027bedfafc0
Event: 13.548 Thread 0x0000021ef0471000 DEOPT UNPACKING pc=0x0000021ed803662f sp=0x00000027bedfaef8 mode 2
Event: 13.548 Thread 0x0000021ef0471000 Uncommon trap: trap_request=0xffffffc6 fr.pc=0x0000021ee0078d6c relative=0x000000000000040c
Event: 13.548 Thread 0x0000021ef0471000 Uncommon trap: reason=bimorphic_or_optimized_type_check action=maybe_recompile pc=0x0000021ee0078d6c method=java.util.Collections.indexedBinarySearch(Ljava/util/List;Ljava/lang/Object;Ljava/util/Comparator;)I @ 3 c2
Event: 13.548 Thread 0x0000021ef0471000 DEOPT PACKING pc=0x0000021ee0078d6c sp=0x00000027bedfaf40
Event: 13.548 Thread 0x0000021ef0471000 DEOPT UNPACKING pc=0x0000021ed803662f sp=0x00000027bedfaef8 mode 2
Event: 13.585 Thread 0x0000021ef0472000 Uncommon trap: trap_request=0xffffff4d fr.pc=0x0000021ee008c9f0 relative=0x00000000000053b0
Event: 13.585 Thread 0x0000021ef0472000 Uncommon trap: reason=unstable_if action=reinterpret pc=0x0000021ee008c9f0 method=java.nio.file.FileTreeWalker.getAttributes(Ljava/nio/file/Path;Z)Ljava/nio/file/attribute/BasicFileAttributes; @ 35 c2
Event: 13.585 Thread 0x0000021ef0472000 DEOPT PACKING pc=0x0000021ee008c9f0 sp=0x00000027bf0fd170
Event: 13.585 Thread 0x0000021ef0472000 DEOPT UNPACKING pc=0x0000021ed803662f sp=0x00000027bf0fd0d0 mode 2
Event: 13.606 Thread 0x0000021ef0472000 Uncommon trap: trap_request=0xffffffd6 fr.pc=0x0000021ee00b13d8 relative=0x0000000000000718
Event: 13.606 Thread 0x0000021ef0472000 Uncommon trap: reason=array_check action=maybe_recompile pc=0x0000021ee00b13d8 method=java.util.TimSort.binarySort([Ljava/lang/Object;IIILjava/util/Comparator;)V @ 215 c2
Event: 13.606 Thread 0x0000021ef0472000 DEOPT PACKING pc=0x0000021ee00b13d8 sp=0x00000027bf0fa570
Event: 13.606 Thread 0x0000021ef0472000 DEOPT UNPACKING pc=0x0000021ed803662f sp=0x00000027bf0fa518 mode 2
Event: 13.606 Thread 0x0000021ef0472000 Uncommon trap: trap_request=0xffffffd6 fr.pc=0x0000021ee00b13d8 relative=0x0000000000000718
Event: 13.606 Thread 0x0000021ef0472000 Uncommon trap: reason=array_check action=maybe_recompile pc=0x0000021ee00b13d8 method=java.util.TimSort.binarySort([Ljava/lang/Object;IIILjava/util/Comparator;)V @ 215 c2
Event: 13.606 Thread 0x0000021ef0472000 DEOPT PACKING pc=0x0000021ee00b13d8 sp=0x00000027bf0fa170
Event: 13.606 Thread 0x0000021ef0472000 DEOPT UNPACKING pc=0x0000021ed803662f sp=0x00000027bf0fa118 mode 2

Classes redefined (0 events):
No events

Internal exceptions (20 events):
Event: 12.062 Thread 0x0000021ef55b7000 Exception <a 'java/lang/NoSuchMethodError'{0x000000008d139368}: <clinit>> (0x000000008d139368) thrown at [./src/hotspot/share/prims/jni.cpp, line 1362]
Event: 12.080 Thread 0x0000021ef55b7000 Exception <a 'java/lang/NoSuchMethodError'{0x000000008d1e8628}: <clinit>> (0x000000008d1e8628) thrown at [./src/hotspot/share/prims/jni.cpp, line 1362]
Event: 12.093 Thread 0x0000021ef55b7000 Exception <a 'java/lang/NoSuchMethodError'{0x000000008d053240}: <clinit>> (0x000000008d053240) thrown at [./src/hotspot/share/prims/jni.cpp, line 1362]
Event: 12.100 Thread 0x0000021ef0471000 Exception <a 'java/lang/IncompatibleClassChangeError'{0x000000008d0d9bf8}: Found class java.lang.Object, but interface was expected> (0x000000008d0d9bf8) thrown at [./src/hotspot/share/interpreter/linkResolver.cpp, line 839]
Event: 12.123 Thread 0x0000021ef2d25800 Exception <a 'java/lang/NoSuchMethodError'{0x000000008ce2cdb0}: <clinit>> (0x000000008ce2cdb0) thrown at [./src/hotspot/share/prims/jni.cpp, line 1362]
Event: 12.123 Thread 0x0000021ef0471000 Exception <a 'java/lang/NoSuchMethodError'{0x000000008ce19b90}: 'java.lang.Object java.lang.invoke.DirectMethodHandle$Holder.invokeInterface(java.lang.Object, java.lang.Object, int)'> (0x000000008ce19b90) thrown at [./src/hotspot/share/interpreter/linkResolver.cpp, line 773]
Event: 12.125 Thread 0x0000021ef0471000 Exception <a 'java/lang/NoSuchMethodError'{0x000000008ce3b070}: 'void java.lang.invoke.DirectMethodHandle$Holder.invokeStatic(java.lang.Object, java.lang.Object, java.lang.Object, int)'> (0x000000008ce3b070) thrown at [./src/hotspot/share/interpreter/linkResolver.cpp, line 773]
Event: 12.165 Thread 0x0000021ef0471000 Exception <a 'java/lang/IncompatibleClassChangeError'{0x000000008cdc89b8}: Found class java.lang.Object, but interface was expected> (0x000000008cdc89b8) thrown at [./src/hotspot/share/interpreter/linkResolver.cpp, line 839]
Event: 12.170 Thread 0x0000021ef0471000 Exception <a 'java/lang/IncompatibleClassChangeError'{0x000000008cc04440}: Found class java.lang.Object, but interface was expected> (0x000000008cc04440) thrown at [./src/hotspot/share/interpreter/linkResolver.cpp, line 839]
Event: 12.208 Thread 0x0000021ef0471000 Exception <a 'java/lang/NoSuchMethodError'{0x000000008ca40428}: 'int java.lang.invoke.DirectMethodHandle$Holder.invokeStaticInit(java.lang.Object, java.lang.Object, java.lang.Object, java.lang.Object, java.lang.Object)'> (0x000000008ca40428) thrown at [./src/hotspot/share/interpreter/linkResolver.cpp, line 773]
Event: 12.415 Thread 0x0000021ef0471000 Exception <a 'java/lang/NoSuchMethodError'{0x000000008c3228e0}: 'void java.lang.invoke.DirectMethodHandle$Holder.invokeStatic(java.lang.Object, java.lang.Object, java.lang.Object, java.lang.Object, int, java.lang.Object, java.lang.Object)'> (0x000000008c3228e0) thrown at [./src/hotspot/share/interpreter/linkResolver.cpp, line 773]
Event: 12.439 Thread 0x0000021ef5631000 Exception <a 'java/lang/NoSuchMethodError'{0x000000008bb355e8}: 'java.lang.Object java.lang.invoke.DirectMethodHandle$Holder.invokeSpecialIFC(java.lang.Object, java.lang.Object, java.lang.Object)'> (0x000000008bb355e8) thrown at [./src/hotspot/share/interpreter/linkResolver.cpp, line 773]
Event: 12.439 Thread 0x0000021ef5635800 Exception <a 'java/lang/NoSuchMethodError'{0x000000008bb0fc50}: 'java.lang.Object java.lang.invoke.DirectMethodHandle$Holder.invokeSpecialIFC(java.lang.Object, java.lang.Object, java.lang.Object)'> (0x000000008bb0fc50) thrown at [./src/hotspot/share/interpreter/linkResolver.cpp, line 773]
Event: 13.335 Thread 0x0000021ef0471000 Exception <a 'java/lang/NoSuchMethodError'{0x000000008ebaf6b0}: <clinit>> (0x000000008ebaf6b0) thrown at [./src/hotspot/share/prims/jni.cpp, line 1362]
Event: 13.335 Thread 0x0000021ef0471000 Exception <a 'java/lang/NoSuchMethodError'{0x000000008ebb0cb8}: <clinit>> (0x000000008ebb0cb8) thrown at [./src/hotspot/share/prims/jni.cpp, line 1362]
Event: 13.335 Thread 0x0000021ef0471000 Exception <a 'java/lang/NoSuchMethodError'{0x000000008ebb2e58}: <clinit>> (0x000000008ebb2e58) thrown at [./src/hotspot/share/prims/jni.cpp, line 1362]
Event: 13.337 Thread 0x0000021ef0471000 Exception <a 'java/lang/NoSuchMethodError'{0x000000008ebcb040}: <clinit>> (0x000000008ebcb040) thrown at [./src/hotspot/share/prims/jni.cpp, line 1362]
Event: 13.337 Thread 0x0000021ef0471000 Exception <a 'java/lang/NoSuchMethodError'{0x000000008ebcc520}: <clinit>> (0x000000008ebcc520) thrown at [./src/hotspot/share/prims/jni.cpp, line 1362]
Event: 13.449 Thread 0x0000021ef65a4000 Implicit null exception at 0x0000021ee00abb52 to 0x0000021ee00abf58
Event: 13.467 Thread 0x0000021ef0471000 Implicit null exception at 0x0000021ee00ae9f7 to 0x0000021ee00af1e8

Events (20 events):
Event: 13.601 Executing VM operation: RevokeBias
Event: 13.601 Executing VM operation: RevokeBias done
Event: 13.601 loading class org/gradle/api/internal/attributes/AttributeContainerInternal
Event: 13.601 loading class org/gradle/api/internal/attributes/AttributeContainerInternal done
Event: 13.601 loading class org/gradle/internal/Pair
Event: 13.601 loading class org/gradle/internal/Pair done
Event: 13.601 loading class org/gradle/api/internal/attributes/AttributeContainerInternal
Event: 13.601 loading class org/gradle/api/internal/attributes/AttributeContainerInternal done
Event: 13.611 Executing VM operation: RevokeBias
Event: 13.611 Executing VM operation: RevokeBias done
Event: 13.618 Executing VM operation: RevokeBias
Event: 13.619 Executing VM operation: RevokeBias done
Event: 13.633 Executing VM operation: RevokeBias
Event: 13.633 Executing VM operation: RevokeBias done
Event: 13.649 Executing VM operation: RevokeBias
Event: 13.649 Executing VM operation: RevokeBias done
Event: 13.670 Executing VM operation: RevokeBias
Event: 13.670 Executing VM operation: RevokeBias done
Event: 13.710 Executing VM operation: RevokeBias
Event: 13.710 Executing VM operation: RevokeBias done


Dynamic libraries:
0x00007ff666400000 - 0x00007ff66640a000 	C:\Program Files\Android\Android Studio\jre\bin\java.exe
0x00007ff8cc650000 - 0x00007ff8cc847000 	C:\WINDOWS\SYSTEM32\ntdll.dll
0x00007ff8cad50000 - 0x00007ff8cae0d000 	C:\WINDOWS\System32\KERNEL32.DLL
0x00007ff8c9da0000 - 0x00007ff8ca06d000 	C:\WINDOWS\System32\KERNELBASE.dll
0x00007ff8ca270000 - 0x00007ff8ca370000 	C:\WINDOWS\System32\ucrtbase.dll
0x00007ff8a45f0000 - 0x00007ff8a4609000 	C:\Program Files\Android\Android Studio\jre\bin\jli.dll
0x00007ff89b4d0000 - 0x00007ff89b4e7000 	C:\Program Files\Android\Android Studio\jre\bin\VCRUNTIME140.dll
0x00007ff8ac100000 - 0x00007ff8ac39a000 	C:\WINDOWS\WinSxS\amd64_microsoft.windows.common-controls_6595b64144ccf1df_6.0.19041.1110_none_60b5254171f9507e\COMCTL32.dll
0x00007ff8cacb0000 - 0x00007ff8cad4e000 	C:\WINDOWS\System32\msvcrt.dll
0x00007ff8caf60000 - 0x00007ff8caf8a000 	C:\WINDOWS\System32\GDI32.dll
0x00007ff8c9d70000 - 0x00007ff8c9d92000 	C:\WINDOWS\System32\win32u.dll
0x00007ff8ca5a0000 - 0x00007ff8ca6ab000 	C:\WINDOWS\System32\gdi32full.dll
0x00007ff8cb680000 - 0x00007ff8cb820000 	C:\WINDOWS\System32\USER32.dll
0x00007ff8ca1d0000 - 0x00007ff8ca26d000 	C:\WINDOWS\System32\msvcp_win.dll
0x00007ff8caa00000 - 0x00007ff8caa30000 	C:\WINDOWS\System32\IMM32.DLL
0x00007ff889130000 - 0x00007ff8891cd000 	C:\Program Files\Android\Android Studio\jre\bin\msvcp140.dll
0x00007ff869310000 - 0x00007ff869de5000 	C:\Program Files\Android\Android Studio\jre\bin\server\jvm.dll
0x00007ff8cb9a0000 - 0x00007ff8cba4e000 	C:\WINDOWS\System32\ADVAPI32.dll
0x00007ff8cb900000 - 0x00007ff8cb99c000 	C:\WINDOWS\System32\sechost.dll
0x00007ff8cb550000 - 0x00007ff8cb675000 	C:\WINDOWS\System32\RPCRT4.dll
0x00007ff8ca6b0000 - 0x00007ff8ca6b8000 	C:\WINDOWS\System32\PSAPI.DLL
0x00007ff8b4d80000 - 0x00007ff8b4da7000 	C:\WINDOWS\SYSTEM32\WINMM.dll
0x00007ff8c3080000 - 0x00007ff8c308a000 	C:\WINDOWS\SYSTEM32\VERSION.dll
0x00007ff8c4890000 - 0x00007ff8c4899000 	C:\WINDOWS\SYSTEM32\WSOCK32.dll
0x00007ff8cb4d0000 - 0x00007ff8cb53b000 	C:\WINDOWS\System32\WS2_32.dll
0x00007ff8c7cc0000 - 0x00007ff8c7cd2000 	C:\WINDOWS\SYSTEM32\kernel.appcore.dll
0x00007ff8a7c30000 - 0x00007ff8a7c41000 	C:\Program Files\Android\Android Studio\jre\bin\verify.dll
0x00007ff8c7570000 - 0x00007ff8c7754000 	C:\WINDOWS\SYSTEM32\DBGHELP.DLL
0x00007ff8abe20000 - 0x00007ff8abe4c000 	C:\WINDOWS\SYSTEM32\dbgcore.DLL
0x00007ff8ca4e0000 - 0x00007ff8ca562000 	C:\WINDOWS\System32\bcryptPrimitives.dll
0x00007ff8a0ff0000 - 0x00007ff8a1019000 	C:\Program Files\Android\Android Studio\jre\bin\java.dll
0x00007ff8c1fc0000 - 0x00007ff8c1fcb000 	C:\Program Files\Android\Android Studio\jre\bin\jimage.dll
0x00007ff8a5ca0000 - 0x00007ff8a5cb8000 	C:\Program Files\Android\Android Studio\jre\bin\zip.dll
0x00007ff8cba50000 - 0x00007ff8cc194000 	C:\WINDOWS\System32\SHELL32.dll
0x00007ff8c7e70000 - 0x00007ff8c8604000 	C:\WINDOWS\SYSTEM32\windows.storage.dll
0x00007ff8caff0000 - 0x00007ff8cb344000 	C:\WINDOWS\System32\combase.dll
0x00007ff8c97d0000 - 0x00007ff8c97fc000 	C:\WINDOWS\SYSTEM32\Wldp.dll
0x00007ff8ca7f0000 - 0x00007ff8ca89d000 	C:\WINDOWS\System32\SHCORE.dll
0x00007ff8cb470000 - 0x00007ff8cb4c5000 	C:\WINDOWS\System32\shlwapi.dll
0x00007ff8c9cb0000 - 0x00007ff8c9ccf000 	C:\WINDOWS\SYSTEM32\profapi.dll
0x00007ff89d200000 - 0x00007ff89d21a000 	C:\Program Files\Android\Android Studio\jre\bin\net.dll
0x00007ff8b6320000 - 0x00007ff8b642a000 	C:\WINDOWS\SYSTEM32\WINHTTP.dll
0x00007ff8c9530000 - 0x00007ff8c959a000 	C:\WINDOWS\system32\mswsock.dll
0x00007ff89d1e0000 - 0x00007ff89d1f4000 	C:\Program Files\Android\Android Studio\jre\bin\nio.dll
0x00007ff88e360000 - 0x00007ff88e387000 	C:\Users\fifol\.gradle\native\e1d6ef7f7dcc3fd88c89a11ec53ec762bb8ba0a96d01ffa2cd45eb1d1d8dd5c5\windows-amd64\native-platform.dll
0x00007ff8822a0000 - 0x00007ff8823e4000 	C:\Users\fifol\.gradle\native\5664cfc778a61ccfe75a443a1ab52a65af34e5dc3c78e0209fed803814484fcb\windows-amd64\native-platform-file-events.dll
0x00007ff8c1d50000 - 0x00007ff8c1d5a000 	C:\Program Files\Android\Android Studio\jre\bin\management.dll
0x00007ff8c1b60000 - 0x00007ff8c1b6d000 	C:\Program Files\Android\Android Studio\jre\bin\management_ext.dll
0x00007ff8c9720000 - 0x00007ff8c9738000 	C:\WINDOWS\SYSTEM32\CRYPTSP.dll
0x00007ff8c8e40000 - 0x00007ff8c8e74000 	C:\WINDOWS\system32\rsaenh.dll
0x00007ff8ca570000 - 0x00007ff8ca597000 	C:\WINDOWS\System32\bcrypt.dll
0x00007ff8c9c30000 - 0x00007ff8c9c5e000 	C:\WINDOWS\SYSTEM32\USERENV.dll
0x00007ff8c9740000 - 0x00007ff8c974c000 	C:\WINDOWS\SYSTEM32\CRYPTBASE.dll
0x00007ff8c91d0000 - 0x00007ff8c920b000 	C:\WINDOWS\SYSTEM32\IPHLPAPI.DLL
0x00007ff8cb540000 - 0x00007ff8cb548000 	C:\WINDOWS\System32\NSI.dll
0x00007ff8c0bb0000 - 0x00007ff8c0bc7000 	C:\WINDOWS\SYSTEM32\dhcpcsvc6.DLL
0x00007ff8c15b0000 - 0x00007ff8c15cd000 	C:\WINDOWS\SYSTEM32\dhcpcsvc.DLL
0x00007ff8c9220000 - 0x00007ff8c92eb000 	C:\WINDOWS\SYSTEM32\DNSAPI.dll

dbghelp: loaded successfully - version: 4.0.5 - missing functions: none
symbol engine: initialized successfully - sym options: 0x614 - pdb path: .;C:\Program Files\Android\Android Studio\jre\bin;C:\WINDOWS\SYSTEM32;C:\WINDOWS\WinSxS\amd64_microsoft.windows.common-controls_6595b64144ccf1df_6.0.19041.1110_none_60b5254171f9507e;C:\Program Files\Android\Android Studio\jre\bin\server;C:\Users\fifol\.gradle\native\e1d6ef7f7dcc3fd88c89a11ec53ec762bb8ba0a96d01ffa2cd45eb1d1d8dd5c5\windows-amd64;C:\Users\fifol\.gradle\native\5664cfc778a61ccfe75a443a1ab52a65af34e5dc3c78e0209fed803814484fcb\windows-amd64

VM Arguments:
jvm_args: --add-opens=java.base/java.util=ALL-UNNAMED --add-opens=java.base/java.lang=ALL-UNNAMED --add-opens=java.base/java.lang.invoke=ALL-UNNAMED --add-opens=java.base/java.util=ALL-UNNAMED --add-opens=java.prefs/java.util.prefs=ALL-UNNAMED --add-opens=java.prefs/java.util.prefs=ALL-UNNAMED --add-opens=java.base/java.nio.charset=ALL-UNNAMED --add-opens=java.base/java.net=ALL-UNNAMED --add-opens=java.base/java.util.concurrent.atomic=ALL-UNNAMED -Xmx2048m -Dfile.encoding=UTF-8 -Duser.country=BR -Duser.language=pt -Duser.variant 
java_command: org.gradle.launcher.daemon.bootstrap.GradleDaemon 7.2
java_class_path (initial): C:\Users\fifol\.gradle\wrapper\dists\gradle-7.2-bin\2dnblmf4td7x66yl1d74lt32g\gradle-7.2\lib\gradle-launcher-7.2.jar
Launcher Type: SUN_STANDARD

[Global flags]
     intx CICompilerCount                          = 4                                         {product} {ergonomic}
     uint ConcGCThreads                            = 2                                         {product} {ergonomic}
     uint G1ConcRefinementThreads                  = 8                                         {product} {ergonomic}
   size_t G1HeapRegionSize                         = 1048576                                   {product} {ergonomic}
    uintx GCDrainStackTargetSize                   = 64                                        {product} {ergonomic}
   size_t InitialHeapSize                          = 266338304                                 {product} {ergonomic}
   size_t MarkStackSize                            = 4194304                                   {product} {ergonomic}
   size_t MaxHeapSize                              = 2147483648                                {product} {command line}
   size_t MaxNewSize                               = 1287651328                                {product} {ergonomic}
   size_t MinHeapDeltaBytes                        = 1048576                                   {product} {ergonomic}
    uintx NonNMethodCodeHeapSize                   = 5836300                                {pd product} {ergonomic}
    uintx NonProfiledCodeHeapSize                  = 122910970                              {pd product} {ergonomic}
    uintx ProfiledCodeHeapSize                     = 122910970                              {pd product} {ergonomic}
    uintx ReservedCodeCacheSize                    = 251658240                              {pd product} {ergonomic}
     bool SegmentedCodeCache                       = true                                      {product} {ergonomic}
     bool UseCompressedClassPointers               = true                                 {lp64_product} {ergonomic}
     bool UseCompressedOops                        = true                                 {lp64_product} {ergonomic}
     bool UseG1GC                                  = true                                      {product} {ergonomic}
     bool UseLargePagesIndividualAllocation        = false                                  {pd product} {ergonomic}

Logging:
Log output configuration:
 #0: stdout all=warning uptime,level,tags
 #1: stderr all=off uptime,level,tags

Environment Variables:
PATH=C:\Program Files\Microsoft\jdk-11.0.12.7-hotspot\bin;C:\Program Files\Common Files\Oracle\Java\javapath;C:\Program Files (x86)\Common Files\Oracle\Java\javapath;C:\WINDOWS\system32;C:\WINDOWS;C:\WINDOWS\System32\Wbem;C:\WINDOWS\System32\WindowsPowerShell\v1.0\;C:\WINDOWS\System32\OpenSSH\;C:\Program Files (x86)\NVIDIA Corporation\PhysX\Common;C:\Program Files\NVIDIA Corporation\NVIDIA NvDLISR;C:\Program Files\dotnet\;C:\Program Files\Git\cmd;C:\Program Files\Microsoft SQL Server\150\Tools\Binn\;C:\Program Files\Microsoft SQL Server\Client SDK\ODBC\170\Tools\Binn\;C:\Program Files (x86)\dotnet\;C:\MinGW\bin;C:\Program Files (x86)\Microsoft SQL Server\150\DTS\Binn\;C:\Program Files\Azure Data Studio\bin;C:\Program Files\nodejs\;C:\Users\fifol\AppData\Local\Microsoft\WindowsApps;;C:\Users\fifol\AppData\Local\Programs\Microsoft VS Code\bin;C:\Users\fifol\.dotnet\tools;C:\Program Files\Azure Data Studio\bin;C:\Users\fifol\AppData\Roaming\npm
USERNAME=fifol
OS=Windows_NT
PROCESSOR_IDENTIFIER=Intel64 Family 6 Model 165 Stepping 2, GenuineIntel



---------------  S Y S T E M  ---------------

OS: Windows 10 , 64 bit Build 19041 (10.0.19041.1741)
OS uptime: 9 days 8:15 hours

CPU:total 8 (initial active 8) (4 cores per cpu, 2 threads per core) family 6 model 165 stepping 2 microcode 0xec, cmov, cx8, fxsr, mmx, sse, sse2, sse3, ssse3, sse4.1, sse4.2, popcnt, avx, avx2, aes, clmul, erms, 3dnowpref, lzcnt, ht, tsc, tscinvbit, bmi1, bmi2, adx, fma

Memory: 4k page, system-wide physical 16251M (1740M free)
TotalPageFile size 24443M (AvailPageFile size 5M)
current process WorkingSet (physical memory assigned to process): 491M, peak: 493M
current process commit charge ("private bytes"): 566M, peak: 568M

vm_info: OpenJDK 64-Bit Server VM (11.0.11+9-b60-7590822) for windows-amd64 JRE (11.0.11+9-b60-7590822), built on Jul 29 2021 21:43:44 by "builder" with MS VC++ 14.0 (VS2015)

END.
